Mensaje I / 00:00:00:000 / Root(00) para top(01)
Mensaje I / 00:00:00:000 / top(01) para gen(02)
Mensaje D / 00:00:00:000 / gen(02) / 00:00:00:000 para top(01)
Mensaje D / 00:00:00:000 / top(01) / 00:00:00:000 para Root(00)
Mensaje * / 00:00:00:000 / Root(00) para top(01)
Mensaje * / 00:00:00:000 / top(01) para gen(02)
Mensaje Y / 00:00:00:000 / gen(02) / go /      1.00000 para top(01)
Mensaje D / 00:00:00:000 / gen(02) / 00:02:59:877 para top(01)
Mensaje Y / 00:00:00:000 / top(01) / go /      1.00000 para Root(00)
Mensaje D / 00:00:00:000 / top(01) / 00:02:59:877 para Root(00)
Mensaje * / 00:02:59:877 / Root(00) para top(01)
Mensaje * / 00:02:59:877 / top(01) para gen(02)
Mensaje Y / 00:02:59:877 / gen(02) / go /      2.00000 para top(01)
Mensaje D / 00:02:59:877 / gen(02) / 00:02:47:960 para top(01)
Mensaje Y / 00:02:59:877 / top(01) / go /      2.00000 para Root(00)
Mensaje D / 00:02:59:877 / top(01) / 00:02:47:960 para Root(00)
Mensaje * / 00:05:47:837 / Root(00) para top(01)
Mensaje * / 00:05:47:837 / top(01) para gen(02)
Mensaje Y / 00:05:47:837 / gen(02) / go /      3.00000 para top(01)
Mensaje D / 00:05:47:837 / gen(02) / 00:02:49:578 para top(01)
Mensaje Y / 00:05:47:837 / top(01) / go /      3.00000 para Root(00)
Mensaje D / 00:05:47:837 / top(01) / 00:02:49:578 para Root(00)
Mensaje * / 00:08:37:415 / Root(00) para top(01)
Mensaje * / 00:08:37:415 / top(01) para gen(02)
Mensaje Y / 00:08:37:415 / gen(02) / go /      4.00000 para top(01)
Mensaje D / 00:08:37:415 / gen(02) / 00:04:00:354 para top(01)
Mensaje Y / 00:08:37:415 / top(01) / go /      4.00000 para Root(00)
Mensaje D / 00:08:37:415 / top(01) / 00:04:00:354 para Root(00)
Mensaje * / 00:12:37:769 / Root(00) para top(01)
Mensaje * / 00:12:37:769 / top(01) para gen(02)
Mensaje Y / 00:12:37:769 / gen(02) / go /      5.00000 para top(01)
Mensaje D / 00:12:37:769 / gen(02) / 00:02:51:825 para top(01)
Mensaje Y / 00:12:37:769 / top(01) / go /      5.00000 para Root(00)
Mensaje D / 00:12:37:769 / top(01) / 00:02:51:825 para Root(00)
Mensaje * / 00:15:29:594 / Root(00) para top(01)
Mensaje * / 00:15:29:594 / top(01) para gen(02)
Mensaje Y / 00:15:29:594 / gen(02) / go /      6.00000 para top(01)
Mensaje D / 00:15:29:594 / gen(02) / 00:04:01:606 para top(01)
Mensaje Y / 00:15:29:594 / top(01) / go /      6.00000 para Root(00)
Mensaje D / 00:15:29:594 / top(01) / 00:04:01:606 para Root(00)
Mensaje * / 00:19:31:200 / Root(00) para top(01)
Mensaje * / 00:19:31:200 / top(01) para gen(02)
Mensaje Y / 00:19:31:200 / gen(02) / go /      7.00000 para top(01)
Mensaje D / 00:19:31:200 / gen(02) / 00:04:08:498 para top(01)
Mensaje Y / 00:19:31:200 / top(01) / go /      7.00000 para Root(00)
Mensaje D / 00:19:31:200 / top(01) / 00:04:08:498 para Root(00)
Mensaje * / 00:23:39:698 / Root(00) para top(01)
Mensaje * / 00:23:39:698 / top(01) para gen(02)
Mensaje Y / 00:23:39:698 / gen(02) / go /      8.00000 para top(01)
Mensaje D / 00:23:39:698 / gen(02) / 00:04:06:552 para top(01)
Mensaje Y / 00:23:39:698 / top(01) / go /      8.00000 para Root(00)
Mensaje D / 00:23:39:698 / top(01) / 00:04:06:552 para Root(00)
Mensaje * / 00:27:46:250 / Root(00) para top(01)
Mensaje * / 00:27:46:250 / top(01) para gen(02)
Mensaje Y / 00:27:46:250 / gen(02) / go /      9.00000 para top(01)
Mensaje D / 00:27:46:250 / gen(02) / 00:04:04:461 para top(01)
Mensaje Y / 00:27:46:250 / top(01) / go /      9.00000 para Root(00)
Mensaje D / 00:27:46:250 / top(01) / 00:04:04:461 para Root(00)
