Mensaje I / 00:00:00:000 / Root(00) para top(01)
Mensaje I / 00:00:00:000 / top(01) para loadser(02)
Mensaje D / 00:00:00:000 / loadser(02) / ... para top(01)
Mensaje D / 00:00:00:000 / top(01) / ... para Root(00)
Mensaje X / 00:00:10:000 / Root(00) / enterload /      1.00000 para top(01)
Mensaje X / 00:00:10:000 / top(01) / enterload /      1.00000 para loadser(02)
Mensaje D / 00:00:10:000 / loadser(02) / 00:04:59:755 para top(01)
Mensaje D / 00:00:10:000 / top(01) / 00:04:59:755 para Root(00)
Mensaje X / 00:05:04:000 / Root(00) / enterload /      2.00000 para top(01)
Mensaje X / 00:05:04:000 / top(01) / enterload /      2.00000 para loadser(02)
Mensaje D / 00:05:04:000 / loadser(02) / 00:04:35:921 para top(01)
Mensaje D / 00:05:04:000 / top(01) / 00:04:35:921 para Root(00)
Mensaje X / 00:08:07:000 / Root(00) / enterload /      3.00000 para top(01)
Mensaje X / 00:08:07:000 / top(01) / enterload /      3.00000 para loadser(02)
Mensaje D / 00:08:07:000 / loadser(02) / 00:04:39:156 para top(01)
Mensaje D / 00:08:07:000 / top(01) / 00:04:39:156 para Root(00)
Mensaje * / 00:12:46:156 / Root(00) para top(01)
Mensaje * / 00:12:46:156 / top(01) para loadser(02)
Mensaje Y / 00:12:46:156 / loadser(02) / exitload /      3.00000 para top(01)
Mensaje Y / 00:12:46:156 / loadser(02) / readyaccept /      3.00000 para top(01)
Mensaje D / 00:12:46:156 / loadser(02) / ... para top(01)
Mensaje Y / 00:12:46:156 / top(01) / exitload /      3.00000 para Root(00)
Mensaje Y / 00:12:46:156 / top(01) / readyaccept /      3.00000 para Root(00)
Mensaje D / 00:12:46:156 / top(01) / ... para Root(00)
Mensaje X / 00:18:10:000 / Root(00) / enterload /      4.00000 para top(01)
Mensaje X / 00:18:10:000 / top(01) / enterload /      4.00000 para loadser(02)
Mensaje D / 00:18:10:000 / loadser(02) / 00:06:00:708 para top(01)
Mensaje D / 00:18:10:000 / top(01) / 00:06:00:708 para Root(00)
Mensaje * / 00:24:10:708 / Root(00) para top(01)
Mensaje * / 00:24:10:708 / top(01) para loadser(02)
Mensaje Y / 00:24:10:708 / loadser(02) / exitload /      4.00000 para top(01)
Mensaje Y / 00:24:10:708 / loadser(02) / readyaccept /      4.00000 para top(01)
Mensaje D / 00:24:10:708 / loadser(02) / ... para top(01)
Mensaje Y / 00:24:10:708 / top(01) / exitload /      4.00000 para Root(00)
Mensaje Y / 00:24:10:708 / top(01) / readyaccept /      4.00000 para Root(00)
Mensaje D / 00:24:10:708 / top(01) / ... para Root(00)
