Mensaje I / 00:00:00:000 / Root(00) para top(01)
Mensaje I / 00:00:00:000 / top(01) para loadque(02)
Mensaje I / 00:00:00:000 / top(01) para loadser(03)
Mensaje D / 00:00:00:000 / loadque(02) / ... para top(01)
Mensaje D / 00:00:00:000 / loadser(03) / ... para top(01)
Mensaje D / 00:00:00:000 / top(01) / ... para Root(00)
Mensaje X / 00:00:09:000 / Root(00) / arriveload /      1.00000 para top(01)
Mensaje X / 00:00:09:000 / top(01) / arriveload /      1.00000 para loadque(02)
Mensaje D / 00:00:09:000 / loadque(02) / 00:00:10:000 para top(01)
Mensaje D / 00:00:09:000 / top(01) / 00:00:10:000 para Root(00)
Mensaje X / 00:00:10:000 / Root(00) / arriveload /      2.00000 para top(01)
Mensaje X / 00:00:10:000 / top(01) / arriveload /      2.00000 para loadque(02)
Mensaje D / 00:00:10:000 / loadque(02) / 00:00:09:000 para top(01)
Mensaje D / 00:00:10:000 / top(01) / 00:00:09:000 para Root(00)
Mensaje X / 00:00:11:000 / Root(00) / arriveload /      3.00000 para top(01)
Mensaje X / 00:00:11:000 / top(01) / arriveload /      3.00000 para loadque(02)
Mensaje D / 00:00:11:000 / loadque(02) / 00:00:08:000 para top(01)
Mensaje D / 00:00:11:000 / top(01) / 00:00:08:000 para Root(00)
Mensaje * / 00:00:19:000 / Root(00) para top(01)
Mensaje * / 00:00:19:000 / top(01) para loadque(02)
Mensaje Y / 00:00:19:000 / loadque(02) / readygoload /      1.00000 para top(01)
Mensaje D / 00:00:19:000 / loadque(02) / ... para top(01)
Mensaje X / 00:00:19:000 / top(01) / enterload /      1.00000 para loadser(03)
Mensaje D / 00:00:19:000 / loadser(03) / 00:06:00:000 para top(01)
Mensaje D / 00:00:19:000 / top(01) / 00:06:00:000 para Root(00)
Mensaje X / 00:03:12:000 / Root(00) / arriveload /      4.00000 para top(01)
Mensaje X / 00:03:12:000 / top(01) / arriveload /      4.00000 para loadque(02)
Mensaje D / 00:03:12:000 / loadque(02) / ... para top(01)
Mensaje D / 00:03:12:000 / top(01) / 00:03:07:000 para Root(00)
Mensaje X / 00:03:13:000 / Root(00) / arriveload /      5.00000 para top(01)
Mensaje X / 00:03:13:000 / top(01) / arriveload /      5.00000 para loadque(02)
Mensaje D / 00:03:13:000 / loadque(02) / ... para top(01)
Mensaje D / 00:03:13:000 / top(01) / 00:03:06:000 para Root(00)
Mensaje * / 00:06:19:000 / Root(00) para top(01)
Mensaje * / 00:06:19:000 / top(01) para loadser(03)
Mensaje Y / 00:06:19:000 / loadser(03) / exitload /      1.00000 para top(01)
Mensaje Y / 00:06:19:000 / loadser(03) / readyaccept /      1.00000 para top(01)
Mensaje D / 00:06:19:000 / loadser(03) / ... para top(01)
Mensaje Y / 00:06:19:000 / top(01) / exitload /      1.00000 para Root(00)
Mensaje X / 00:06:19:000 / top(01) / loaddone /      1.00000 para loadque(02)
Mensaje D / 00:06:19:000 / loadque(02) / 00:00:10:000 para top(01)
Mensaje D / 00:06:19:000 / top(01) / 00:00:10:000 para Root(00)
Mensaje * / 00:06:29:000 / Root(00) para top(01)
Mensaje * / 00:06:29:000 / top(01) para loadque(02)
Mensaje Y / 00:06:29:000 / loadque(02) / readygoload /      2.00000 para top(01)
Mensaje D / 00:06:29:000 / loadque(02) / ... para top(01)
Mensaje X / 00:06:29:000 / top(01) / enterload /      2.00000 para loadser(03)
Mensaje D / 00:06:29:000 / loadser(03) / 00:06:00:000 para top(01)
Mensaje D / 00:06:29:000 / top(01) / 00:06:00:000 para Root(00)
Mensaje * / 00:12:29:000 / Root(00) para top(01)
Mensaje * / 00:12:29:000 / top(01) para loadser(03)
Mensaje Y / 00:12:29:000 / loadser(03) / exitload /      2.00000 para top(01)
Mensaje Y / 00:12:29:000 / loadser(03) / readyaccept /      2.00000 para top(01)
Mensaje D / 00:12:29:000 / loadser(03) / ... para top(01)
Mensaje Y / 00:12:29:000 / top(01) / exitload /      2.00000 para Root(00)
Mensaje X / 00:12:29:000 / top(01) / loaddone /      2.00000 para loadque(02)
Mensaje D / 00:12:29:000 / loadque(02) / 00:00:10:000 para top(01)
Mensaje D / 00:12:29:000 / top(01) / 00:00:10:000 para Root(00)
Mensaje * / 00:12:39:000 / Root(00) para top(01)
Mensaje * / 00:12:39:000 / top(01) para loadque(02)
Mensaje Y / 00:12:39:000 / loadque(02) / readygoload /      3.00000 para top(01)
Mensaje D / 00:12:39:000 / loadque(02) / ... para top(01)
Mensaje X / 00:12:39:000 / top(01) / enterload /      3.00000 para loadser(03)
Mensaje D / 00:12:39:000 / loadser(03) / 00:06:00:000 para top(01)
Mensaje D / 00:12:39:000 / top(01) / 00:06:00:000 para Root(00)
Mensaje * / 00:18:39:000 / Root(00) para top(01)
Mensaje * / 00:18:39:000 / top(01) para loadser(03)
Mensaje Y / 00:18:39:000 / loadser(03) / exitload /      3.00000 para top(01)
Mensaje Y / 00:18:39:000 / loadser(03) / readyaccept /      3.00000 para top(01)
Mensaje D / 00:18:39:000 / loadser(03) / ... para top(01)
Mensaje Y / 00:18:39:000 / top(01) / exitload /      3.00000 para Root(00)
Mensaje X / 00:18:39:000 / top(01) / loaddone /      3.00000 para loadque(02)
Mensaje D / 00:18:39:000 / loadque(02) / 00:00:10:000 para top(01)
Mensaje D / 00:18:39:000 / top(01) / 00:00:10:000 para Root(00)
Mensaje * / 00:18:49:000 / Root(00) para top(01)
Mensaje * / 00:18:49:000 / top(01) para loadque(02)
Mensaje Y / 00:18:49:000 / loadque(02) / readygoload /      4.00000 para top(01)
Mensaje D / 00:18:49:000 / loadque(02) / ... para top(01)
Mensaje X / 00:18:49:000 / top(01) / enterload /      4.00000 para loadser(03)
Mensaje D / 00:18:49:000 / loadser(03) / 00:06:00:000 para top(01)
Mensaje D / 00:18:49:000 / top(01) / 00:06:00:000 para Root(00)
Mensaje * / 00:24:49:000 / Root(00) para top(01)
Mensaje * / 00:24:49:000 / top(01) para loadser(03)
Mensaje Y / 00:24:49:000 / loadser(03) / exitload /      4.00000 para top(01)
Mensaje Y / 00:24:49:000 / loadser(03) / readyaccept /      4.00000 para top(01)
Mensaje D / 00:24:49:000 / loadser(03) / ... para top(01)
Mensaje Y / 00:24:49:000 / top(01) / exitload /      4.00000 para Root(00)
Mensaje X / 00:24:49:000 / top(01) / loaddone /      4.00000 para loadque(02)
Mensaje D / 00:24:49:000 / loadque(02) / 00:00:10:000 para top(01)
Mensaje D / 00:24:49:000 / top(01) / 00:00:10:000 para Root(00)
Mensaje * / 00:24:59:000 / Root(00) para top(01)
Mensaje * / 00:24:59:000 / top(01) para loadque(02)
Mensaje Y / 00:24:59:000 / loadque(02) / readygoload /      5.00000 para top(01)
Mensaje D / 00:24:59:000 / loadque(02) / ... para top(01)
Mensaje X / 00:24:59:000 / top(01) / enterload /      5.00000 para loadser(03)
Mensaje D / 00:24:59:000 / loadser(03) / 00:06:00:000 para top(01)
Mensaje D / 00:24:59:000 / top(01) / 00:06:00:000 para Root(00)
Mensaje * / 00:30:59:000 / Root(00) para top(01)
Mensaje * / 00:30:59:000 / top(01) para loadser(03)
Mensaje Y / 00:30:59:000 / loadser(03) / exitload /      5.00000 para top(01)
Mensaje Y / 00:30:59:000 / loadser(03) / readyaccept /      5.00000 para top(01)
Mensaje D / 00:30:59:000 / loadser(03) / ... para top(01)
Mensaje Y / 00:30:59:000 / top(01) / exitload /      5.00000 para Root(00)
Mensaje X / 00:30:59:000 / top(01) / loaddone /      5.00000 para loadque(02)
Mensaje D / 00:30:59:000 / loadque(02) / ... para top(01)
Mensaje D / 00:30:59:000 / top(01) / ... para Root(00)
