Mensaje I / 00:00:00:000 / Root(00) para top(01)
Mensaje I / 00:00:00:000 / top(01) para loadque(02)
Mensaje D / 00:00:00:000 / loadque(02) / ... para top(01)
Mensaje D / 00:00:00:000 / top(01) / ... para Root(00)
Mensaje X / 00:00:05:000 / Root(00) / arriveload /      1.00000 para top(01)
Mensaje X / 00:00:05:000 / top(01) / arriveload /      1.00000 para loadque(02)
Mensaje D / 00:00:05:000 / loadque(02) / 00:00:10:000 para top(01)
Mensaje D / 00:00:05:000 / top(01) / 00:00:10:000 para Root(00)
Mensaje * / 00:00:15:000 / Root(00) para top(01)
Mensaje * / 00:00:15:000 / top(01) para loadque(02)
Mensaje Y / 00:00:15:000 / loadque(02) / readygoload /      1.00000 para top(01)
Mensaje D / 00:00:15:000 / loadque(02) / ... para top(01)
Mensaje Y / 00:00:15:000 / top(01) / readygoload /      1.00000 para Root(00)
Mensaje D / 00:00:15:000 / top(01) / ... para Root(00)
Mensaje X / 00:01:13:000 / Root(00) / loaddone /      1.00000 para top(01)
Mensaje X / 00:01:13:000 / top(01) / loaddone /      1.00000 para loadque(02)
Mensaje D / 00:01:13:000 / loadque(02) / ... para top(01)
Mensaje D / 00:01:13:000 / top(01) / ... para Root(00)
Mensaje X / 00:02:10:000 / Root(00) / arriveload /      2.00000 para top(01)
Mensaje X / 00:02:10:000 / top(01) / arriveload /      2.00000 para loadque(02)
Mensaje D / 00:02:10:000 / loadque(02) / 00:00:10:000 para top(01)
Mensaje D / 00:02:10:000 / top(01) / 00:00:10:000 para Root(00)
Mensaje * / 00:02:20:000 / Root(00) para top(01)
Mensaje * / 00:02:20:000 / top(01) para loadque(02)
Mensaje Y / 00:02:20:000 / loadque(02) / readygoload /      2.00000 para top(01)
Mensaje D / 00:02:20:000 / loadque(02) / ... para top(01)
Mensaje Y / 00:02:20:000 / top(01) / readygoload /      2.00000 para Root(00)
Mensaje D / 00:02:20:000 / top(01) / ... para Root(00)
Mensaje X / 00:03:15:000 / Root(00) / arriveload /      3.00000 para top(01)
Mensaje X / 00:03:15:000 / top(01) / arriveload /      3.00000 para loadque(02)
Mensaje D / 00:03:15:000 / loadque(02) / ... para top(01)
Mensaje D / 00:03:15:000 / top(01) / ... para Root(00)
Mensaje X / 00:04:21:000 / Root(00) / arriveload /      4.00000 para top(01)
Mensaje X / 00:04:21:000 / top(01) / arriveload /      4.00000 para loadque(02)
Mensaje D / 00:04:21:000 / loadque(02) / ... para top(01)
Mensaje D / 00:04:21:000 / top(01) / ... para Root(00)
Mensaje X / 00:05:22:000 / Root(00) / loaddone /      2.00000 para top(01)
Mensaje X / 00:05:22:000 / top(01) / loaddone /      2.00000 para loadque(02)
Mensaje D / 00:05:22:000 / loadque(02) / 00:00:10:000 para top(01)
Mensaje D / 00:05:22:000 / top(01) / 00:00:10:000 para Root(00)
Mensaje * / 00:05:32:000 / Root(00) para top(01)
Mensaje * / 00:05:32:000 / top(01) para loadque(02)
Mensaje Y / 00:05:32:000 / loadque(02) / readygoload /      3.00000 para top(01)
Mensaje D / 00:05:32:000 / loadque(02) / ... para top(01)
Mensaje Y / 00:05:32:000 / top(01) / readygoload /      3.00000 para Root(00)
Mensaje D / 00:05:32:000 / top(01) / ... para Root(00)
Mensaje X / 00:06:25:000 / Root(00) / loaddone /      3.00000 para top(01)
Mensaje X / 00:06:25:000 / top(01) / loaddone /      3.00000 para loadque(02)
Mensaje D / 00:06:25:000 / loadque(02) / 00:00:10:000 para top(01)
Mensaje D / 00:06:25:000 / top(01) / 00:00:10:000 para Root(00)
Mensaje * / 00:06:35:000 / Root(00) para top(01)
Mensaje * / 00:06:35:000 / top(01) para loadque(02)
Mensaje Y / 00:06:35:000 / loadque(02) / readygoload /      4.00000 para top(01)
Mensaje D / 00:06:35:000 / loadque(02) / ... para top(01)
Mensaje Y / 00:06:35:000 / top(01) / readygoload /      4.00000 para Root(00)
Mensaje D / 00:06:35:000 / top(01) / ... para Root(00)
Mensaje X / 00:07:40:000 / Root(00) / loaddone /      4.00000 para top(01)
Mensaje X / 00:07:40:000 / top(01) / loaddone /      4.00000 para loadque(02)
Mensaje D / 00:07:40:000 / loadque(02) / ... para top(01)
Mensaje D / 00:07:40:000 / top(01) / ... para Root(00)
