Mensaje I / 00:00:00:000 / Root(00) para top(01)
Mensaje I / 00:00:00:000 / top(01) para gen(02)
Mensaje I / 00:00:00:000 / top(01) para load(03)
Mensaje I / 00:00:00:000 / top(01) para unload(06)
Mensaje D / 00:00:00:000 / gen(02) / 00:00:00:000 para top(01)
Mensaje I / 00:00:00:000 / load(03) para loadque(04)
Mensaje I / 00:00:00:000 / load(03) para loadser(05)
Mensaje I / 00:00:00:000 / unload(06) para unloadque(07)
Mensaje I / 00:00:00:000 / unload(06) para unloadser(08)
Mensaje D / 00:00:00:000 / loadque(04) / ... para load(03)
Mensaje D / 00:00:00:000 / loadser(05) / ... para load(03)
Mensaje D / 00:00:00:000 / unloadque(07) / ... para unload(06)
Mensaje D / 00:00:00:000 / unloadser(08) / ... para unload(06)
Mensaje D / 00:00:00:000 / load(03) / ... para top(01)
Mensaje D / 00:00:00:000 / unload(06) / ... para top(01)
Mensaje D / 00:00:00:000 / top(01) / 00:00:00:000 para Root(00)
Mensaje * / 00:00:00:000 / Root(00) para top(01)
Mensaje * / 00:00:00:000 / top(01) para gen(02)
Mensaje Y / 00:00:00:000 / gen(02) / go /      1.00000 para top(01)
Mensaje D / 00:00:00:000 / gen(02) / 00:02:00:000 para top(01)
Mensaje X / 00:00:00:000 / top(01) / arriveload /      1.00000 para load(03)
Mensaje X / 00:00:00:000 / load(03) / arriveload /      1.00000 para loadque(04)
Mensaje D / 00:00:00:000 / loadque(04) / 00:00:10:000 para load(03)
Mensaje D / 00:00:00:000 / load(03) / 00:00:10:000 para top(01)
Mensaje D / 00:00:00:000 / top(01) / 00:00:10:000 para Root(00)
Mensaje * / 00:00:10:000 / Root(00) para top(01)
Mensaje * / 00:00:10:000 / top(01) para load(03)
Mensaje * / 00:00:10:000 / load(03) para loadque(04)
Mensaje Y / 00:00:10:000 / loadque(04) / readygoload /      1.00000 para load(03)
Mensaje D / 00:00:10:000 / loadque(04) / ... para load(03)
Mensaje X / 00:00:10:000 / load(03) / enterload /      1.00000 para loadser(05)
Mensaje D / 00:00:10:000 / loadser(05) / 00:04:30:000 para load(03)
Mensaje D / 00:00:10:000 / load(03) / 00:04:30:000 para top(01)
Mensaje D / 00:00:10:000 / top(01) / 00:01:50:000 para Root(00)
Mensaje * / 00:02:00:000 / Root(00) para top(01)
Mensaje * / 00:02:00:000 / top(01) para gen(02)
Mensaje Y / 00:02:00:000 / gen(02) / go /      2.00000 para top(01)
Mensaje D / 00:02:00:000 / gen(02) / 00:02:00:000 para top(01)
Mensaje X / 00:02:00:000 / top(01) / arriveload /      2.00000 para load(03)
Mensaje X / 00:02:00:000 / load(03) / arriveload /      2.00000 para loadque(04)
Mensaje D / 00:02:00:000 / loadque(04) / ... para load(03)
Mensaje D / 00:02:00:000 / load(03) / 00:02:40:000 para top(01)
Mensaje D / 00:02:00:000 / top(01) / 00:02:00:000 para Root(00)
Mensaje * / 00:04:00:000 / Root(00) para top(01)
Mensaje * / 00:04:00:000 / top(01) para gen(02)
Mensaje Y / 00:04:00:000 / gen(02) / go /      3.00000 para top(01)
Mensaje D / 00:04:00:000 / gen(02) / 00:02:00:000 para top(01)
Mensaje X / 00:04:00:000 / top(01) / arriveload /      3.00000 para load(03)
Mensaje X / 00:04:00:000 / load(03) / arriveload /      3.00000 para loadque(04)
Mensaje D / 00:04:00:000 / loadque(04) / ... para load(03)
Mensaje D / 00:04:00:000 / load(03) / 00:00:40:000 para top(01)
Mensaje D / 00:04:00:000 / top(01) / 00:00:40:000 para Root(00)
Mensaje * / 00:04:40:000 / Root(00) para top(01)
Mensaje * / 00:04:40:000 / top(01) para load(03)
Mensaje * / 00:04:40:000 / load(03) para loadser(05)
Mensaje Y / 00:04:40:000 / loadser(05) / exitload /      1.00000 para load(03)
Mensaje Y / 00:04:40:000 / loadser(05) / readyaccept /      1.00000 para load(03)
Mensaje D / 00:04:40:000 / loadser(05) / ... para load(03)
Mensaje Y / 00:04:40:000 / load(03) / exitload /      1.00000 para top(01)
Mensaje X / 00:04:40:000 / load(03) / loaddone /      1.00000 para loadque(04)
Mensaje X / 00:04:40:000 / top(01) / arriveunload /      1.00000 para unload(06)
Mensaje D / 00:04:40:000 / loadque(04) / 00:00:10:000 para load(03)
Mensaje X / 00:04:40:000 / unload(06) / arriveunload /      1.00000 para unloadque(07)
Mensaje D / 00:04:40:000 / load(03) / 00:00:10:000 para top(01)
Mensaje D / 00:04:40:000 / unloadque(07) / 00:00:10:000 para unload(06)
Mensaje D / 00:04:40:000 / unload(06) / 00:00:10:000 para top(01)
Mensaje D / 00:04:40:000 / top(01) / 00:00:10:000 para Root(00)
Mensaje * / 00:04:50:000 / Root(00) para top(01)
Mensaje * / 00:04:50:000 / top(01) para load(03)
Mensaje * / 00:04:50:000 / load(03) para loadque(04)
Mensaje Y / 00:04:50:000 / loadque(04) / readygoload /      2.00000 para load(03)
Mensaje D / 00:04:50:000 / loadque(04) / ... para load(03)
Mensaje X / 00:04:50:000 / load(03) / enterload /      2.00000 para loadser(05)
Mensaje D / 00:04:50:000 / loadser(05) / 00:04:30:000 para load(03)
Mensaje D / 00:04:50:000 / load(03) / 00:04:30:000 para top(01)
Mensaje D / 00:04:50:000 / top(01) / 00:00:00:000 para Root(00)
Mensaje * / 00:04:50:000 / Root(00) para top(01)
Mensaje * / 00:04:50:000 / top(01) para unload(06)
Mensaje * / 00:04:50:000 / unload(06) para unloadque(07)
Mensaje Y / 00:04:50:000 / unloadque(07) / readygounload /      1.00000 para unload(06)
Mensaje D / 00:04:50:000 / unloadque(07) / ... para unload(06)
Mensaje X / 00:04:50:000 / unload(06) / enterunload /      1.00000 para unloadser(08)
Mensaje D / 00:04:50:000 / unloadser(08) / 00:06:00:000 para unload(06)
Mensaje D / 00:04:50:000 / unload(06) / 00:06:00:000 para top(01)
Mensaje D / 00:04:50:000 / top(01) / 00:01:10:000 para Root(00)
Mensaje * / 00:06:00:000 / Root(00) para top(01)
Mensaje * / 00:06:00:000 / top(01) para gen(02)
Mensaje Y / 00:06:00:000 / gen(02) / go /      4.00000 para top(01)
Mensaje D / 00:06:00:000 / gen(02) / 00:02:00:000 para top(01)
Mensaje X / 00:06:00:000 / top(01) / arriveload /      4.00000 para load(03)
Mensaje X / 00:06:00:000 / load(03) / arriveload /      4.00000 para loadque(04)
Mensaje D / 00:06:00:000 / loadque(04) / ... para load(03)
Mensaje D / 00:06:00:000 / load(03) / 00:03:20:000 para top(01)
Mensaje D / 00:06:00:000 / top(01) / 00:02:00:000 para Root(00)
Mensaje * / 00:08:00:000 / Root(00) para top(01)
Mensaje * / 00:08:00:000 / top(01) para gen(02)
Mensaje Y / 00:08:00:000 / gen(02) / go /      5.00000 para top(01)
Mensaje D / 00:08:00:000 / gen(02) / 00:02:00:000 para top(01)
Mensaje X / 00:08:00:000 / top(01) / arriveload /      5.00000 para load(03)
Mensaje X / 00:08:00:000 / load(03) / arriveload /      5.00000 para loadque(04)
Mensaje D / 00:08:00:000 / loadque(04) / ... para load(03)
Mensaje D / 00:08:00:000 / load(03) / 00:01:20:000 para top(01)
Mensaje D / 00:08:00:000 / top(01) / 00:01:20:000 para Root(00)
Mensaje * / 00:09:20:000 / Root(00) para top(01)
Mensaje * / 00:09:20:000 / top(01) para load(03)
Mensaje * / 00:09:20:000 / load(03) para loadser(05)
Mensaje Y / 00:09:20:000 / loadser(05) / exitload /      2.00000 para load(03)
Mensaje Y / 00:09:20:000 / loadser(05) / readyaccept /      2.00000 para load(03)
Mensaje D / 00:09:20:000 / loadser(05) / ... para load(03)
Mensaje Y / 00:09:20:000 / load(03) / exitload /      2.00000 para top(01)
Mensaje X / 00:09:20:000 / load(03) / loaddone /      2.00000 para loadque(04)
Mensaje X / 00:09:20:000 / top(01) / arriveunload /      2.00000 para unload(06)
Mensaje D / 00:09:20:000 / loadque(04) / 00:00:10:000 para load(03)
Mensaje X / 00:09:20:000 / unload(06) / arriveunload /      2.00000 para unloadque(07)
Mensaje D / 00:09:20:000 / load(03) / 00:00:10:000 para top(01)
Mensaje D / 00:09:20:000 / unloadque(07) / ... para unload(06)
Mensaje D / 00:09:20:000 / unload(06) / 00:01:30:000 para top(01)
Mensaje D / 00:09:20:000 / top(01) / 00:00:10:000 para Root(00)
Mensaje * / 00:09:30:000 / Root(00) para top(01)
Mensaje * / 00:09:30:000 / top(01) para load(03)
Mensaje * / 00:09:30:000 / load(03) para loadque(04)
Mensaje Y / 00:09:30:000 / loadque(04) / readygoload /      3.00000 para load(03)
Mensaje D / 00:09:30:000 / loadque(04) / ... para load(03)
Mensaje X / 00:09:30:000 / load(03) / enterload /      3.00000 para loadser(05)
Mensaje D / 00:09:30:000 / loadser(05) / 00:04:30:000 para load(03)
Mensaje D / 00:09:30:000 / load(03) / 00:04:30:000 para top(01)
Mensaje D / 00:09:30:000 / top(01) / 00:00:30:000 para Root(00)
Mensaje * / 00:10:00:000 / Root(00) para top(01)
Mensaje * / 00:10:00:000 / top(01) para gen(02)
Mensaje Y / 00:10:00:000 / gen(02) / go /      6.00000 para top(01)
Mensaje D / 00:10:00:000 / gen(02) / 00:02:00:000 para top(01)
Mensaje X / 00:10:00:000 / top(01) / arriveload /      6.00000 para load(03)
Mensaje X / 00:10:00:000 / load(03) / arriveload /      6.00000 para loadque(04)
Mensaje D / 00:10:00:000 / loadque(04) / ... para load(03)
Mensaje D / 00:10:00:000 / load(03) / 00:04:00:000 para top(01)
Mensaje D / 00:10:00:000 / top(01) / 00:00:50:000 para Root(00)
Mensaje * / 00:10:50:000 / Root(00) para top(01)
Mensaje * / 00:10:50:000 / top(01) para unload(06)
Mensaje * / 00:10:50:000 / unload(06) para unloadser(08)
Mensaje Y / 00:10:50:000 / unloadser(08) / exitunload /      1.00000 para unload(06)
Mensaje Y / 00:10:50:000 / unloadser(08) / readyreceive /      1.00000 para unload(06)
Mensaje D / 00:10:50:000 / unloadser(08) / ... para unload(06)
Mensaje Y / 00:10:50:000 / unload(06) / exitunload /      1.00000 para top(01)
Mensaje X / 00:10:50:000 / unload(06) / unloaddone /      1.00000 para unloadque(07)
Mensaje Y / 00:10:50:000 / top(01) / exitunload /      1.00000 para Root(00)
Mensaje D / 00:10:50:000 / unloadque(07) / 00:00:10:000 para unload(06)
Mensaje D / 00:10:50:000 / unload(06) / 00:00:10:000 para top(01)
Mensaje D / 00:10:50:000 / top(01) / 00:00:10:000 para Root(00)
Mensaje * / 00:11:00:000 / Root(00) para top(01)
Mensaje * / 00:11:00:000 / top(01) para unload(06)
Mensaje * / 00:11:00:000 / unload(06) para unloadque(07)
Mensaje Y / 00:11:00:000 / unloadque(07) / readygounload /      2.00000 para unload(06)
Mensaje D / 00:11:00:000 / unloadque(07) / ... para unload(06)
Mensaje X / 00:11:00:000 / unload(06) / enterunload /      2.00000 para unloadser(08)
Mensaje D / 00:11:00:000 / unloadser(08) / 00:06:00:000 para unload(06)
Mensaje D / 00:11:00:000 / unload(06) / 00:06:00:000 para top(01)
Mensaje D / 00:11:00:000 / top(01) / 00:01:00:000 para Root(00)
Mensaje * / 00:12:00:000 / Root(00) para top(01)
Mensaje * / 00:12:00:000 / top(01) para gen(02)
Mensaje Y / 00:12:00:000 / gen(02) / go /      7.00000 para top(01)
Mensaje D / 00:12:00:000 / gen(02) / 00:02:00:000 para top(01)
Mensaje X / 00:12:00:000 / top(01) / arriveload /      7.00000 para load(03)
Mensaje X / 00:12:00:000 / load(03) / arriveload /      7.00000 para loadque(04)
Mensaje D / 00:12:00:000 / loadque(04) / ... para load(03)
Mensaje D / 00:12:00:000 / load(03) / 00:02:00:000 para top(01)
Mensaje D / 00:12:00:000 / top(01) / 00:02:00:000 para Root(00)
Mensaje * / 00:14:00:000 / Root(00) para top(01)
Mensaje * / 00:14:00:000 / top(01) para gen(02)
Mensaje Y / 00:14:00:000 / gen(02) / go /      8.00000 para top(01)
Mensaje D / 00:14:00:000 / gen(02) / 00:02:00:000 para top(01)
Mensaje X / 00:14:00:000 / top(01) / arriveload /      8.00000 para load(03)
Mensaje X / 00:14:00:000 / load(03) / arriveload /      8.00000 para loadque(04)
Mensaje D / 00:14:00:000 / loadque(04) / ... para load(03)
Mensaje D / 00:14:00:000 / load(03) / 00:00:00:000 para top(01)
Mensaje D / 00:14:00:000 / top(01) / 00:00:00:000 para Root(00)
Mensaje * / 00:14:00:000 / Root(00) para top(01)
Mensaje * / 00:14:00:000 / top(01) para load(03)
Mensaje * / 00:14:00:000 / load(03) para loadser(05)
Mensaje Y / 00:14:00:000 / loadser(05) / exitload /      3.00000 para load(03)
Mensaje Y / 00:14:00:000 / loadser(05) / readyaccept /      3.00000 para load(03)
Mensaje D / 00:14:00:000 / loadser(05) / ... para load(03)
Mensaje Y / 00:14:00:000 / load(03) / exitload /      3.00000 para top(01)
Mensaje X / 00:14:00:000 / load(03) / loaddone /      3.00000 para loadque(04)
Mensaje X / 00:14:00:000 / top(01) / arriveunload /      3.00000 para unload(06)
Mensaje D / 00:14:00:000 / loadque(04) / 00:00:10:000 para load(03)
Mensaje X / 00:14:00:000 / unload(06) / arriveunload /      3.00000 para unloadque(07)
Mensaje D / 00:14:00:000 / load(03) / 00:00:10:000 para top(01)
Mensaje D / 00:14:00:000 / unloadque(07) / ... para unload(06)
Mensaje D / 00:14:00:000 / unload(06) / 00:03:00:000 para top(01)
Mensaje D / 00:14:00:000 / top(01) / 00:00:10:000 para Root(00)
Mensaje * / 00:14:10:000 / Root(00) para top(01)
Mensaje * / 00:14:10:000 / top(01) para load(03)
Mensaje * / 00:14:10:000 / load(03) para loadque(04)
Mensaje Y / 00:14:10:000 / loadque(04) / readygoload /      4.00000 para load(03)
Mensaje D / 00:14:10:000 / loadque(04) / ... para load(03)
Mensaje X / 00:14:10:000 / load(03) / enterload /      4.00000 para loadser(05)
Mensaje D / 00:14:10:000 / loadser(05) / 00:04:30:000 para load(03)
Mensaje D / 00:14:10:000 / load(03) / 00:04:30:000 para top(01)
Mensaje D / 00:14:10:000 / top(01) / 00:01:50:000 para Root(00)
Mensaje * / 00:16:00:000 / Root(00) para top(01)
Mensaje * / 00:16:00:000 / top(01) para gen(02)
Mensaje Y / 00:16:00:000 / gen(02) / go /      9.00000 para top(01)
Mensaje D / 00:16:00:000 / gen(02) / 00:02:00:000 para top(01)
Mensaje X / 00:16:00:000 / top(01) / arriveload /      9.00000 para load(03)
Mensaje X / 00:16:00:000 / load(03) / arriveload /      9.00000 para loadque(04)
Mensaje D / 00:16:00:000 / loadque(04) / ... para load(03)
Mensaje D / 00:16:00:000 / load(03) / 00:02:40:000 para top(01)
Mensaje D / 00:16:00:000 / top(01) / 00:01:00:000 para Root(00)
Mensaje * / 00:17:00:000 / Root(00) para top(01)
Mensaje * / 00:17:00:000 / top(01) para unload(06)
Mensaje * / 00:17:00:000 / unload(06) para unloadser(08)
Mensaje Y / 00:17:00:000 / unloadser(08) / exitunload /      2.00000 para unload(06)
Mensaje Y / 00:17:00:000 / unloadser(08) / readyreceive /      2.00000 para unload(06)
Mensaje D / 00:17:00:000 / unloadser(08) / ... para unload(06)
Mensaje Y / 00:17:00:000 / unload(06) / exitunload /      2.00000 para top(01)
Mensaje X / 00:17:00:000 / unload(06) / unloaddone /      2.00000 para unloadque(07)
Mensaje Y / 00:17:00:000 / top(01) / exitunload /      2.00000 para Root(00)
Mensaje D / 00:17:00:000 / unloadque(07) / 00:00:10:000 para unload(06)
Mensaje D / 00:17:00:000 / unload(06) / 00:00:10:000 para top(01)
Mensaje D / 00:17:00:000 / top(01) / 00:00:10:000 para Root(00)
Mensaje * / 00:17:10:000 / Root(00) para top(01)
Mensaje * / 00:17:10:000 / top(01) para unload(06)
Mensaje * / 00:17:10:000 / unload(06) para unloadque(07)
Mensaje Y / 00:17:10:000 / unloadque(07) / readygounload /      3.00000 para unload(06)
Mensaje D / 00:17:10:000 / unloadque(07) / ... para unload(06)
Mensaje X / 00:17:10:000 / unload(06) / enterunload /      3.00000 para unloadser(08)
Mensaje D / 00:17:10:000 / unloadser(08) / 00:06:00:000 para unload(06)
Mensaje D / 00:17:10:000 / unload(06) / 00:06:00:000 para top(01)
Mensaje D / 00:17:10:000 / top(01) / 00:00:50:000 para Root(00)
Mensaje * / 00:18:00:000 / Root(00) para top(01)
Mensaje * / 00:18:00:000 / top(01) para gen(02)
Mensaje Y / 00:18:00:000 / gen(02) / go /     10.00000 para top(01)
Mensaje D / 00:18:00:000 / gen(02) / 00:02:00:000 para top(01)
Mensaje X / 00:18:00:000 / top(01) / arriveload /     10.00000 para load(03)
Mensaje X / 00:18:00:000 / load(03) / arriveload /     10.00000 para loadque(04)
Mensaje D / 00:18:00:000 / loadque(04) / ... para load(03)
Mensaje D / 00:18:00:000 / load(03) / 00:00:40:000 para top(01)
Mensaje D / 00:18:00:000 / top(01) / 00:00:40:000 para Root(00)
Mensaje * / 00:18:40:000 / Root(00) para top(01)
Mensaje * / 00:18:40:000 / top(01) para load(03)
Mensaje * / 00:18:40:000 / load(03) para loadser(05)
Mensaje Y / 00:18:40:000 / loadser(05) / exitload /      4.00000 para load(03)
Mensaje Y / 00:18:40:000 / loadser(05) / readyaccept /      4.00000 para load(03)
Mensaje D / 00:18:40:000 / loadser(05) / ... para load(03)
Mensaje Y / 00:18:40:000 / load(03) / exitload /      4.00000 para top(01)
Mensaje X / 00:18:40:000 / load(03) / loaddone /      4.00000 para loadque(04)
Mensaje X / 00:18:40:000 / top(01) / arriveunload /      4.00000 para unload(06)
Mensaje D / 00:18:40:000 / loadque(04) / 00:00:10:000 para load(03)
Mensaje X / 00:18:40:000 / unload(06) / arriveunload /      4.00000 para unloadque(07)
Mensaje D / 00:18:40:000 / load(03) / 00:00:10:000 para top(01)
Mensaje D / 00:18:40:000 / unloadque(07) / ... para unload(06)
Mensaje D / 00:18:40:000 / unload(06) / 00:04:30:000 para top(01)
Mensaje D / 00:18:40:000 / top(01) / 00:00:10:000 para Root(00)
Mensaje * / 00:18:50:000 / Root(00) para top(01)
Mensaje * / 00:18:50:000 / top(01) para load(03)
Mensaje * / 00:18:50:000 / load(03) para loadque(04)
Mensaje Y / 00:18:50:000 / loadque(04) / readygoload /      5.00000 para load(03)
Mensaje D / 00:18:50:000 / loadque(04) / ... para load(03)
Mensaje X / 00:18:50:000 / load(03) / enterload /      5.00000 para loadser(05)
Mensaje D / 00:18:50:000 / loadser(05) / 00:04:30:000 para load(03)
Mensaje D / 00:18:50:000 / load(03) / 00:04:30:000 para top(01)
Mensaje D / 00:18:50:000 / top(01) / 00:01:10:000 para Root(00)
Mensaje * / 00:20:00:000 / Root(00) para top(01)
Mensaje * / 00:20:00:000 / top(01) para gen(02)
Mensaje Y / 00:20:00:000 / gen(02) / go /     11.00000 para top(01)
Mensaje D / 00:20:00:000 / gen(02) / 00:02:00:000 para top(01)
Mensaje X / 00:20:00:000 / top(01) / arriveload /     11.00000 para load(03)
Mensaje X / 00:20:00:000 / load(03) / arriveload /     11.00000 para loadque(04)
Mensaje D / 00:20:00:000 / loadque(04) / ... para load(03)
Mensaje D / 00:20:00:000 / load(03) / 00:03:20:000 para top(01)
Mensaje D / 00:20:00:000 / top(01) / 00:02:00:000 para Root(00)
Mensaje * / 00:22:00:000 / Root(00) para top(01)
Mensaje * / 00:22:00:000 / top(01) para gen(02)
Mensaje Y / 00:22:00:000 / gen(02) / go /     12.00000 para top(01)
Mensaje D / 00:22:00:000 / gen(02) / 00:02:00:000 para top(01)
Mensaje X / 00:22:00:000 / top(01) / arriveload /     12.00000 para load(03)
Mensaje X / 00:22:00:000 / load(03) / arriveload /     12.00000 para loadque(04)
Mensaje D / 00:22:00:000 / loadque(04) / ... para load(03)
Mensaje D / 00:22:00:000 / load(03) / 00:01:20:000 para top(01)
Mensaje D / 00:22:00:000 / top(01) / 00:01:10:000 para Root(00)
Mensaje * / 00:23:10:000 / Root(00) para top(01)
Mensaje * / 00:23:10:000 / top(01) para unload(06)
Mensaje * / 00:23:10:000 / unload(06) para unloadser(08)
Mensaje Y / 00:23:10:000 / unloadser(08) / exitunload /      3.00000 para unload(06)
Mensaje Y / 00:23:10:000 / unloadser(08) / readyreceive /      3.00000 para unload(06)
Mensaje D / 00:23:10:000 / unloadser(08) / ... para unload(06)
Mensaje Y / 00:23:10:000 / unload(06) / exitunload /      3.00000 para top(01)
Mensaje X / 00:23:10:000 / unload(06) / unloaddone /      3.00000 para unloadque(07)
Mensaje Y / 00:23:10:000 / top(01) / exitunload /      3.00000 para Root(00)
Mensaje D / 00:23:10:000 / unloadque(07) / 00:00:10:000 para unload(06)
Mensaje D / 00:23:10:000 / unload(06) / 00:00:10:000 para top(01)
Mensaje D / 00:23:10:000 / top(01) / 00:00:10:000 para Root(00)
Mensaje * / 00:23:20:000 / Root(00) para top(01)
Mensaje * / 00:23:20:000 / top(01) para load(03)
Mensaje * / 00:23:20:000 / load(03) para loadser(05)
Mensaje Y / 00:23:20:000 / loadser(05) / exitload /      5.00000 para load(03)
Mensaje Y / 00:23:20:000 / loadser(05) / readyaccept /      5.00000 para load(03)
Mensaje D / 00:23:20:000 / loadser(05) / ... para load(03)
Mensaje Y / 00:23:20:000 / load(03) / exitload /      5.00000 para top(01)
Mensaje X / 00:23:20:000 / load(03) / loaddone /      5.00000 para loadque(04)
Mensaje X / 00:23:20:000 / top(01) / arriveunload /      5.00000 para unload(06)
Mensaje D / 00:23:20:000 / loadque(04) / 00:00:10:000 para load(03)
Mensaje X / 00:23:20:000 / unload(06) / arriveunload /      5.00000 para unloadque(07)
Mensaje D / 00:23:20:000 / load(03) / 00:00:10:000 para top(01)
Mensaje D / 00:23:20:000 / unloadque(07) / 00:00:00:000 para unload(06)
Mensaje D / 00:23:20:000 / unload(06) / 00:00:00:000 para top(01)
Mensaje D / 00:23:20:000 / top(01) / 00:00:00:000 para Root(00)
Mensaje * / 00:23:20:000 / Root(00) para top(01)
Mensaje * / 00:23:20:000 / top(01) para unload(06)
Mensaje * / 00:23:20:000 / unload(06) para unloadque(07)
Mensaje Y / 00:23:20:000 / unloadque(07) / readygounload /      4.00000 para unload(06)
Mensaje D / 00:23:20:000 / unloadque(07) / ... para unload(06)
Mensaje X / 00:23:20:000 / unload(06) / enterunload /      4.00000 para unloadser(08)
Mensaje D / 00:23:20:000 / unloadser(08) / 00:06:00:000 para unload(06)
Mensaje D / 00:23:20:000 / unload(06) / 00:06:00:000 para top(01)
Mensaje D / 00:23:20:000 / top(01) / 00:00:10:000 para Root(00)
Mensaje * / 00:23:30:000 / Root(00) para top(01)
Mensaje * / 00:23:30:000 / top(01) para load(03)
Mensaje * / 00:23:30:000 / load(03) para loadque(04)
Mensaje Y / 00:23:30:000 / loadque(04) / readygoload /      6.00000 para load(03)
Mensaje D / 00:23:30:000 / loadque(04) / ... para load(03)
Mensaje X / 00:23:30:000 / load(03) / enterload /      6.00000 para loadser(05)
Mensaje D / 00:23:30:000 / loadser(05) / 00:04:30:000 para load(03)
Mensaje D / 00:23:30:000 / load(03) / 00:04:30:000 para top(01)
Mensaje D / 00:23:30:000 / top(01) / 00:00:30:000 para Root(00)
Mensaje * / 00:24:00:000 / Root(00) para top(01)
Mensaje * / 00:24:00:000 / top(01) para gen(02)
Mensaje Y / 00:24:00:000 / gen(02) / go /     13.00000 para top(01)
Mensaje D / 00:24:00:000 / gen(02) / 00:02:00:000 para top(01)
Mensaje X / 00:24:00:000 / top(01) / arriveload /     13.00000 para load(03)
Mensaje X / 00:24:00:000 / load(03) / arriveload /     13.00000 para loadque(04)
Mensaje D / 00:24:00:000 / loadque(04) / ... para load(03)
Mensaje D / 00:24:00:000 / load(03) / 00:04:00:000 para top(01)
Mensaje D / 00:24:00:000 / top(01) / 00:02:00:000 para Root(00)
Mensaje * / 00:26:00:000 / Root(00) para top(01)
Mensaje * / 00:26:00:000 / top(01) para gen(02)
Mensaje Y / 00:26:00:000 / gen(02) / go /     14.00000 para top(01)
Mensaje D / 00:26:00:000 / gen(02) / 00:02:00:000 para top(01)
Mensaje X / 00:26:00:000 / top(01) / arriveload /     14.00000 para load(03)
Mensaje X / 00:26:00:000 / load(03) / arriveload /     14.00000 para loadque(04)
Mensaje D / 00:26:00:000 / loadque(04) / ... para load(03)
Mensaje D / 00:26:00:000 / load(03) / 00:02:00:000 para top(01)
Mensaje D / 00:26:00:000 / top(01) / 00:02:00:000 para Root(00)
Mensaje * / 00:28:00:000 / Root(00) para top(01)
Mensaje * / 00:28:00:000 / top(01) para gen(02)
Mensaje Y / 00:28:00:000 / gen(02) / go /     15.00000 para top(01)
Mensaje D / 00:28:00:000 / gen(02) / 00:02:00:000 para top(01)
Mensaje X / 00:28:00:000 / top(01) / arriveload /     15.00000 para load(03)
Mensaje X / 00:28:00:000 / load(03) / arriveload /     15.00000 para loadque(04)
Mensaje D / 00:28:00:000 / loadque(04) / ... para load(03)
Mensaje D / 00:28:00:000 / load(03) / 00:00:00:000 para top(01)
Mensaje D / 00:28:00:000 / top(01) / 00:00:00:000 para Root(00)
Mensaje * / 00:28:00:000 / Root(00) para top(01)
Mensaje * / 00:28:00:000 / top(01) para load(03)
Mensaje * / 00:28:00:000 / load(03) para loadser(05)
Mensaje Y / 00:28:00:000 / loadser(05) / exitload /      6.00000 para load(03)
Mensaje Y / 00:28:00:000 / loadser(05) / readyaccept /      6.00000 para load(03)
Mensaje D / 00:28:00:000 / loadser(05) / ... para load(03)
Mensaje Y / 00:28:00:000 / load(03) / exitload /      6.00000 para top(01)
Mensaje X / 00:28:00:000 / load(03) / loaddone /      6.00000 para loadque(04)
Mensaje X / 00:28:00:000 / top(01) / arriveunload /      6.00000 para unload(06)
Mensaje D / 00:28:00:000 / loadque(04) / 00:00:10:000 para load(03)
Mensaje X / 00:28:00:000 / unload(06) / arriveunload /      6.00000 para unloadque(07)
Mensaje D / 00:28:00:000 / load(03) / 00:00:10:000 para top(01)
Mensaje D / 00:28:00:000 / unloadque(07) / ... para unload(06)
Mensaje D / 00:28:00:000 / unload(06) / 00:01:20:000 para top(01)
Mensaje D / 00:28:00:000 / top(01) / 00:00:10:000 para Root(00)
Mensaje * / 00:28:10:000 / Root(00) para top(01)
Mensaje * / 00:28:10:000 / top(01) para load(03)
Mensaje * / 00:28:10:000 / load(03) para loadque(04)
Mensaje Y / 00:28:10:000 / loadque(04) / readygoload /      7.00000 para load(03)
Mensaje D / 00:28:10:000 / loadque(04) / ... para load(03)
Mensaje X / 00:28:10:000 / load(03) / enterload /      7.00000 para loadser(05)
Mensaje D / 00:28:10:000 / loadser(05) / 00:04:30:000 para load(03)
Mensaje D / 00:28:10:000 / load(03) / 00:04:30:000 para top(01)
Mensaje D / 00:28:10:000 / top(01) / 00:01:10:000 para Root(00)
Mensaje * / 00:29:20:000 / Root(00) para top(01)
Mensaje * / 00:29:20:000 / top(01) para unload(06)
Mensaje * / 00:29:20:000 / unload(06) para unloadser(08)
Mensaje Y / 00:29:20:000 / unloadser(08) / exitunload /      4.00000 para unload(06)
Mensaje Y / 00:29:20:000 / unloadser(08) / readyreceive /      4.00000 para unload(06)
Mensaje D / 00:29:20:000 / unloadser(08) / ... para unload(06)
Mensaje Y / 00:29:20:000 / unload(06) / exitunload /      4.00000 para top(01)
Mensaje X / 00:29:20:000 / unload(06) / unloaddone /      4.00000 para unloadque(07)
Mensaje Y / 00:29:20:000 / top(01) / exitunload /      4.00000 para Root(00)
Mensaje D / 00:29:20:000 / unloadque(07) / 00:00:10:000 para unload(06)
Mensaje D / 00:29:20:000 / unload(06) / 00:00:10:000 para top(01)
Mensaje D / 00:29:20:000 / top(01) / 00:00:10:000 para Root(00)
Mensaje * / 00:29:30:000 / Root(00) para top(01)
Mensaje * / 00:29:30:000 / top(01) para unload(06)
Mensaje * / 00:29:30:000 / unload(06) para unloadque(07)
Mensaje Y / 00:29:30:000 / unloadque(07) / readygounload /      5.00000 para unload(06)
Mensaje D / 00:29:30:000 / unloadque(07) / ... para unload(06)
Mensaje X / 00:29:30:000 / unload(06) / enterunload /      5.00000 para unloadser(08)
Mensaje D / 00:29:30:000 / unloadser(08) / 00:06:00:000 para unload(06)
Mensaje D / 00:29:30:000 / unload(06) / 00:06:00:000 para top(01)
Mensaje D / 00:29:30:000 / top(01) / 00:00:30:000 para Root(00)
Mensaje * / 00:30:00:000 / Root(00) para top(01)
Mensaje * / 00:30:00:000 / top(01) para gen(02)
Mensaje Y / 00:30:00:000 / gen(02) / go /     16.00000 para top(01)
Mensaje D / 00:30:00:000 / gen(02) / 00:02:00:000 para top(01)
Mensaje X / 00:30:00:000 / top(01) / arriveload /     16.00000 para load(03)
Mensaje X / 00:30:00:000 / load(03) / arriveload /     16.00000 para loadque(04)
Mensaje D / 00:30:00:000 / loadque(04) / ... para load(03)
Mensaje D / 00:30:00:000 / load(03) / 00:02:40:000 para top(01)
Mensaje D / 00:30:00:000 / top(01) / 00:02:00:000 para Root(00)
Mensaje * / 00:32:00:000 / Root(00) para top(01)
Mensaje * / 00:32:00:000 / top(01) para gen(02)
Mensaje Y / 00:32:00:000 / gen(02) / go /     17.00000 para top(01)
Mensaje D / 00:32:00:000 / gen(02) / 00:02:00:000 para top(01)
Mensaje X / 00:32:00:000 / top(01) / arriveload /     17.00000 para load(03)
Mensaje X / 00:32:00:000 / load(03) / arriveload /     17.00000 para loadque(04)
Mensaje D / 00:32:00:000 / loadque(04) / ... para load(03)
Mensaje D / 00:32:00:000 / load(03) / 00:00:40:000 para top(01)
Mensaje D / 00:32:00:000 / top(01) / 00:00:40:000 para Root(00)
Mensaje * / 00:32:40:000 / Root(00) para top(01)
Mensaje * / 00:32:40:000 / top(01) para load(03)
Mensaje * / 00:32:40:000 / load(03) para loadser(05)
Mensaje Y / 00:32:40:000 / loadser(05) / exitload /      7.00000 para load(03)
Mensaje Y / 00:32:40:000 / loadser(05) / readyaccept /      7.00000 para load(03)
Mensaje D / 00:32:40:000 / loadser(05) / ... para load(03)
Mensaje Y / 00:32:40:000 / load(03) / exitload /      7.00000 para top(01)
Mensaje X / 00:32:40:000 / load(03) / loaddone /      7.00000 para loadque(04)
Mensaje X / 00:32:40:000 / top(01) / arriveunload /      7.00000 para unload(06)
Mensaje D / 00:32:40:000 / loadque(04) / 00:00:10:000 para load(03)
Mensaje X / 00:32:40:000 / unload(06) / arriveunload /      7.00000 para unloadque(07)
Mensaje D / 00:32:40:000 / load(03) / 00:00:10:000 para top(01)
Mensaje D / 00:32:40:000 / unloadque(07) / ... para unload(06)
Mensaje D / 00:32:40:000 / unload(06) / 00:02:50:000 para top(01)
Mensaje D / 00:32:40:000 / top(01) / 00:00:10:000 para Root(00)
Mensaje * / 00:32:50:000 / Root(00) para top(01)
Mensaje * / 00:32:50:000 / top(01) para load(03)
Mensaje * / 00:32:50:000 / load(03) para loadque(04)
Mensaje Y / 00:32:50:000 / loadque(04) / readygoload /      8.00000 para load(03)
Mensaje D / 00:32:50:000 / loadque(04) / ... para load(03)
Mensaje X / 00:32:50:000 / load(03) / enterload /      8.00000 para loadser(05)
Mensaje D / 00:32:50:000 / loadser(05) / 00:04:30:000 para load(03)
Mensaje D / 00:32:50:000 / load(03) / 00:04:30:000 para top(01)
Mensaje D / 00:32:50:000 / top(01) / 00:01:10:000 para Root(00)
Mensaje * / 00:34:00:000 / Root(00) para top(01)
Mensaje * / 00:34:00:000 / top(01) para gen(02)
Mensaje Y / 00:34:00:000 / gen(02) / go /     18.00000 para top(01)
Mensaje D / 00:34:00:000 / gen(02) / 00:02:00:000 para top(01)
Mensaje X / 00:34:00:000 / top(01) / arriveload /     18.00000 para load(03)
Mensaje X / 00:34:00:000 / load(03) / arriveload /     18.00000 para loadque(04)
Mensaje D / 00:34:00:000 / loadque(04) / ... para load(03)
Mensaje D / 00:34:00:000 / load(03) / 00:03:20:000 para top(01)
Mensaje D / 00:34:00:000 / top(01) / 00:01:30:000 para Root(00)
Mensaje * / 00:35:30:000 / Root(00) para top(01)
Mensaje * / 00:35:30:000 / top(01) para unload(06)
Mensaje * / 00:35:30:000 / unload(06) para unloadser(08)
Mensaje Y / 00:35:30:000 / unloadser(08) / exitunload /      5.00000 para unload(06)
Mensaje Y / 00:35:30:000 / unloadser(08) / readyreceive /      5.00000 para unload(06)
Mensaje D / 00:35:30:000 / unloadser(08) / ... para unload(06)
Mensaje Y / 00:35:30:000 / unload(06) / exitunload /      5.00000 para top(01)
Mensaje X / 00:35:30:000 / unload(06) / unloaddone /      5.00000 para unloadque(07)
Mensaje Y / 00:35:30:000 / top(01) / exitunload /      5.00000 para Root(00)
Mensaje D / 00:35:30:000 / unloadque(07) / 00:00:10:000 para unload(06)
Mensaje D / 00:35:30:000 / unload(06) / 00:00:10:000 para top(01)
Mensaje D / 00:35:30:000 / top(01) / 00:00:10:000 para Root(00)
Mensaje * / 00:35:40:000 / Root(00) para top(01)
Mensaje * / 00:35:40:000 / top(01) para unload(06)
Mensaje * / 00:35:40:000 / unload(06) para unloadque(07)
Mensaje Y / 00:35:40:000 / unloadque(07) / readygounload /      6.00000 para unload(06)
Mensaje D / 00:35:40:000 / unloadque(07) / ... para unload(06)
Mensaje X / 00:35:40:000 / unload(06) / enterunload /      6.00000 para unloadser(08)
Mensaje D / 00:35:40:000 / unloadser(08) / 00:06:00:000 para unload(06)
Mensaje D / 00:35:40:000 / unload(06) / 00:06:00:000 para top(01)
Mensaje D / 00:35:40:000 / top(01) / 00:00:20:000 para Root(00)
Mensaje * / 00:36:00:000 / Root(00) para top(01)
Mensaje * / 00:36:00:000 / top(01) para gen(02)
Mensaje Y / 00:36:00:000 / gen(02) / go /     19.00000 para top(01)
Mensaje D / 00:36:00:000 / gen(02) / 00:02:00:000 para top(01)
Mensaje X / 00:36:00:000 / top(01) / arriveload /     19.00000 para load(03)
Mensaje X / 00:36:00:000 / load(03) / arriveload /     19.00000 para loadque(04)
Mensaje D / 00:36:00:000 / loadque(04) / ... para load(03)
Mensaje D / 00:36:00:000 / load(03) / 00:01:20:000 para top(01)
Mensaje D / 00:36:00:000 / top(01) / 00:01:20:000 para Root(00)
Mensaje * / 00:37:20:000 / Root(00) para top(01)
Mensaje * / 00:37:20:000 / top(01) para load(03)
Mensaje * / 00:37:20:000 / load(03) para loadser(05)
Mensaje Y / 00:37:20:000 / loadser(05) / exitload /      8.00000 para load(03)
Mensaje Y / 00:37:20:000 / loadser(05) / readyaccept /      8.00000 para load(03)
Mensaje D / 00:37:20:000 / loadser(05) / ... para load(03)
Mensaje Y / 00:37:20:000 / load(03) / exitload /      8.00000 para top(01)
Mensaje X / 00:37:20:000 / load(03) / loaddone /      8.00000 para loadque(04)
Mensaje X / 00:37:20:000 / top(01) / arriveunload /      8.00000 para unload(06)
Mensaje D / 00:37:20:000 / loadque(04) / 00:00:10:000 para load(03)
Mensaje X / 00:37:20:000 / unload(06) / arriveunload /      8.00000 para unloadque(07)
Mensaje D / 00:37:20:000 / load(03) / 00:00:10:000 para top(01)
Mensaje D / 00:37:20:000 / unloadque(07) / ... para unload(06)
Mensaje D / 00:37:20:000 / unload(06) / 00:04:20:000 para top(01)
Mensaje D / 00:37:20:000 / top(01) / 00:00:10:000 para Root(00)
Mensaje * / 00:37:30:000 / Root(00) para top(01)
Mensaje * / 00:37:30:000 / top(01) para load(03)
Mensaje * / 00:37:30:000 / load(03) para loadque(04)
Mensaje Y / 00:37:30:000 / loadque(04) / readygoload /      9.00000 para load(03)
Mensaje D / 00:37:30:000 / loadque(04) / ... para load(03)
Mensaje X / 00:37:30:000 / load(03) / enterload /      9.00000 para loadser(05)
Mensaje D / 00:37:30:000 / loadser(05) / 00:04:30:000 para load(03)
Mensaje D / 00:37:30:000 / load(03) / 00:04:30:000 para top(01)
Mensaje D / 00:37:30:000 / top(01) / 00:00:30:000 para Root(00)
Mensaje * / 00:38:00:000 / Root(00) para top(01)
Mensaje * / 00:38:00:000 / top(01) para gen(02)
Mensaje Y / 00:38:00:000 / gen(02) / go /     20.00000 para top(01)
Mensaje D / 00:38:00:000 / gen(02) / 00:02:00:000 para top(01)
Mensaje X / 00:38:00:000 / top(01) / arriveload /     20.00000 para load(03)
Mensaje X / 00:38:00:000 / load(03) / arriveload /     20.00000 para loadque(04)
Mensaje D / 00:38:00:000 / loadque(04) / ... para load(03)
Mensaje D / 00:38:00:000 / load(03) / 00:04:00:000 para top(01)
Mensaje D / 00:38:00:000 / top(01) / 00:02:00:000 para Root(00)
Mensaje * / 00:40:00:000 / Root(00) para top(01)
Mensaje * / 00:40:00:000 / top(01) para gen(02)
Mensaje Y / 00:40:00:000 / gen(02) / go /     21.00000 para top(01)
Mensaje D / 00:40:00:000 / gen(02) / 00:02:00:000 para top(01)
Mensaje X / 00:40:00:000 / top(01) / arriveload /     21.00000 para load(03)
Mensaje X / 00:40:00:000 / load(03) / arriveload /     21.00000 para loadque(04)
Mensaje D / 00:40:00:000 / loadque(04) / ... para load(03)
Mensaje D / 00:40:00:000 / load(03) / 00:02:00:000 para top(01)
Mensaje D / 00:40:00:000 / top(01) / 00:01:40:000 para Root(00)
