Mensaje I / 00:00:00:000 / Root(00) para top(01)
Mensaje I / 00:00:00:000 / top(01) para gen(02)
Mensaje I / 00:00:00:000 / top(01) para load(03)
Mensaje I / 00:00:00:000 / top(01) para unload(06)
Mensaje D / 00:00:00:000 / gen(02) / 00:00:00:000 para top(01)
Mensaje I / 00:00:00:000 / load(03) para loadque(04)
Mensaje I / 00:00:00:000 / load(03) para loadser(05)
Mensaje I / 00:00:00:000 / unload(06) para unloadque(07)
Mensaje I / 00:00:00:000 / unload(06) para unloadser(08)
Mensaje D / 00:00:00:000 / loadque(04) / ... para load(03)
Mensaje D / 00:00:00:000 / loadser(05) / ... para load(03)
Mensaje D / 00:00:00:000 / unloadque(07) / ... para unload(06)
Mensaje D / 00:00:00:000 / unloadser(08) / ... para unload(06)
Mensaje D / 00:00:00:000 / load(03) / ... para top(01)
Mensaje D / 00:00:00:000 / unload(06) / ... para top(01)
Mensaje D / 00:00:00:000 / top(01) / 00:00:00:000 para Root(00)
Mensaje * / 00:00:00:000 / Root(00) para top(01)
Mensaje * / 00:00:00:000 / top(01) para gen(02)
Mensaje Y / 00:00:00:000 / gen(02) / go /      1.00000 para top(01)
Mensaje D / 00:00:00:000 / gen(02) / 00:06:20:000 para top(01)
Mensaje X / 00:00:00:000 / top(01) / arriveload /      1.00000 para load(03)
Mensaje X / 00:00:00:000 / load(03) / arriveload /      1.00000 para loadque(04)
Mensaje D / 00:00:00:000 / loadque(04) / 00:00:10:000 para load(03)
Mensaje D / 00:00:00:000 / load(03) / 00:00:10:000 para top(01)
Mensaje D / 00:00:00:000 / top(01) / 00:00:10:000 para Root(00)
Mensaje * / 00:00:10:000 / Root(00) para top(01)
Mensaje * / 00:00:10:000 / top(01) para load(03)
Mensaje * / 00:00:10:000 / load(03) para loadque(04)
Mensaje Y / 00:00:10:000 / loadque(04) / readygoload /      1.00000 para load(03)
Mensaje D / 00:00:10:000 / loadque(04) / ... para load(03)
Mensaje X / 00:00:10:000 / load(03) / enterload /      1.00000 para loadser(05)
Mensaje D / 00:00:10:000 / loadser(05) / 00:06:00:000 para load(03)
Mensaje D / 00:00:10:000 / load(03) / 00:06:00:000 para top(01)
Mensaje D / 00:00:10:000 / top(01) / 00:06:00:000 para Root(00)
Mensaje * / 00:06:10:000 / Root(00) para top(01)
Mensaje * / 00:06:10:000 / top(01) para load(03)
Mensaje * / 00:06:10:000 / load(03) para loadser(05)
Mensaje Y / 00:06:10:000 / loadser(05) / exitload /      1.00000 para load(03)
Mensaje Y / 00:06:10:000 / loadser(05) / readyaccept /      1.00000 para load(03)
Mensaje D / 00:06:10:000 / loadser(05) / ... para load(03)
Mensaje Y / 00:06:10:000 / load(03) / exitload /      1.00000 para top(01)
Mensaje X / 00:06:10:000 / load(03) / loaddone /      1.00000 para loadque(04)
Mensaje X / 00:06:10:000 / top(01) / arriveunload /      1.00000 para unload(06)
Mensaje D / 00:06:10:000 / loadque(04) / ... para load(03)
Mensaje X / 00:06:10:000 / unload(06) / arriveunload /      1.00000 para unloadque(07)
Mensaje D / 00:06:10:000 / load(03) / ... para top(01)
Mensaje D / 00:06:10:000 / unloadque(07) / 00:00:10:000 para unload(06)
Mensaje D / 00:06:10:000 / unload(06) / 00:00:10:000 para top(01)
Mensaje D / 00:06:10:000 / top(01) / 00:00:10:000 para Root(00)
Mensaje * / 00:06:20:000 / Root(00) para top(01)
Mensaje * / 00:06:20:000 / top(01) para gen(02)
Mensaje Y / 00:06:20:000 / gen(02) / go /      2.00000 para top(01)
Mensaje D / 00:06:20:000 / gen(02) / 00:06:20:000 para top(01)
Mensaje X / 00:06:20:000 / top(01) / arriveload /      2.00000 para load(03)
Mensaje X / 00:06:20:000 / load(03) / arriveload /      2.00000 para loadque(04)
Mensaje D / 00:06:20:000 / loadque(04) / 00:00:10:000 para load(03)
Mensaje D / 00:06:20:000 / load(03) / 00:00:10:000 para top(01)
Mensaje D / 00:06:20:000 / top(01) / 00:00:00:000 para Root(00)
Mensaje * / 00:06:20:000 / Root(00) para top(01)
Mensaje * / 00:06:20:000 / top(01) para unload(06)
Mensaje * / 00:06:20:000 / unload(06) para unloadque(07)
Mensaje Y / 00:06:20:000 / unloadque(07) / readygounload /      1.00000 para unload(06)
Mensaje D / 00:06:20:000 / unloadque(07) / ... para unload(06)
Mensaje X / 00:06:20:000 / unload(06) / enterunload /      1.00000 para unloadser(08)
Mensaje D / 00:06:20:000 / unloadser(08) / 00:04:30:000 para unload(06)
Mensaje D / 00:06:20:000 / unload(06) / 00:04:30:000 para top(01)
Mensaje D / 00:06:20:000 / top(01) / 00:00:10:000 para Root(00)
Mensaje * / 00:06:30:000 / Root(00) para top(01)
Mensaje * / 00:06:30:000 / top(01) para load(03)
Mensaje * / 00:06:30:000 / load(03) para loadque(04)
Mensaje Y / 00:06:30:000 / loadque(04) / readygoload /      2.00000 para load(03)
Mensaje D / 00:06:30:000 / loadque(04) / ... para load(03)
Mensaje X / 00:06:30:000 / load(03) / enterload /      2.00000 para loadser(05)
Mensaje D / 00:06:30:000 / loadser(05) / 00:06:00:000 para load(03)
Mensaje D / 00:06:30:000 / load(03) / 00:06:00:000 para top(01)
Mensaje D / 00:06:30:000 / top(01) / 00:04:20:000 para Root(00)
Mensaje * / 00:10:50:000 / Root(00) para top(01)
Mensaje * / 00:10:50:000 / top(01) para unload(06)
Mensaje * / 00:10:50:000 / unload(06) para unloadser(08)
Mensaje Y / 00:10:50:000 / unloadser(08) / exitunload /      1.00000 para unload(06)
Mensaje Y / 00:10:50:000 / unloadser(08) / readyreceive /      1.00000 para unload(06)
Mensaje D / 00:10:50:000 / unloadser(08) / ... para unload(06)
Mensaje Y / 00:10:50:000 / unload(06) / exitunload /      1.00000 para top(01)
Mensaje X / 00:10:50:000 / unload(06) / unloaddone /      1.00000 para unloadque(07)
Mensaje Y / 00:10:50:000 / top(01) / exitunload /      1.00000 para Root(00)
Mensaje D / 00:10:50:000 / unloadque(07) / ... para unload(06)
Mensaje D / 00:10:50:000 / unload(06) / ... para top(01)
Mensaje D / 00:10:50:000 / top(01) / 00:01:40:000 para Root(00)
Mensaje * / 00:12:30:000 / Root(00) para top(01)
Mensaje * / 00:12:30:000 / top(01) para load(03)
Mensaje * / 00:12:30:000 / load(03) para loadser(05)
Mensaje Y / 00:12:30:000 / loadser(05) / exitload /      2.00000 para load(03)
Mensaje Y / 00:12:30:000 / loadser(05) / readyaccept /      2.00000 para load(03)
Mensaje D / 00:12:30:000 / loadser(05) / ... para load(03)
Mensaje Y / 00:12:30:000 / load(03) / exitload /      2.00000 para top(01)
Mensaje X / 00:12:30:000 / load(03) / loaddone /      2.00000 para loadque(04)
Mensaje X / 00:12:30:000 / top(01) / arriveunload /      2.00000 para unload(06)
Mensaje D / 00:12:30:000 / loadque(04) / ... para load(03)
Mensaje X / 00:12:30:000 / unload(06) / arriveunload /      2.00000 para unloadque(07)
Mensaje D / 00:12:30:000 / load(03) / ... para top(01)
Mensaje D / 00:12:30:000 / unloadque(07) / 00:00:10:000 para unload(06)
Mensaje D / 00:12:30:000 / unload(06) / 00:00:10:000 para top(01)
Mensaje D / 00:12:30:000 / top(01) / 00:00:10:000 para Root(00)
Mensaje * / 00:12:40:000 / Root(00) para top(01)
Mensaje * / 00:12:40:000 / top(01) para gen(02)
Mensaje Y / 00:12:40:000 / gen(02) / go /      3.00000 para top(01)
Mensaje D / 00:12:40:000 / gen(02) / 00:06:20:000 para top(01)
Mensaje X / 00:12:40:000 / top(01) / arriveload /      3.00000 para load(03)
Mensaje X / 00:12:40:000 / load(03) / arriveload /      3.00000 para loadque(04)
Mensaje D / 00:12:40:000 / loadque(04) / 00:00:10:000 para load(03)
Mensaje D / 00:12:40:000 / load(03) / 00:00:10:000 para top(01)
Mensaje D / 00:12:40:000 / top(01) / 00:00:00:000 para Root(00)
Mensaje * / 00:12:40:000 / Root(00) para top(01)
Mensaje * / 00:12:40:000 / top(01) para unload(06)
Mensaje * / 00:12:40:000 / unload(06) para unloadque(07)
Mensaje Y / 00:12:40:000 / unloadque(07) / readygounload /      2.00000 para unload(06)
Mensaje D / 00:12:40:000 / unloadque(07) / ... para unload(06)
Mensaje X / 00:12:40:000 / unload(06) / enterunload /      2.00000 para unloadser(08)
Mensaje D / 00:12:40:000 / unloadser(08) / 00:04:30:000 para unload(06)
Mensaje D / 00:12:40:000 / unload(06) / 00:04:30:000 para top(01)
Mensaje D / 00:12:40:000 / top(01) / 00:00:10:000 para Root(00)
Mensaje * / 00:12:50:000 / Root(00) para top(01)
Mensaje * / 00:12:50:000 / top(01) para load(03)
Mensaje * / 00:12:50:000 / load(03) para loadque(04)
Mensaje Y / 00:12:50:000 / loadque(04) / readygoload /      3.00000 para load(03)
Mensaje D / 00:12:50:000 / loadque(04) / ... para load(03)
Mensaje X / 00:12:50:000 / load(03) / enterload /      3.00000 para loadser(05)
Mensaje D / 00:12:50:000 / loadser(05) / 00:06:00:000 para load(03)
Mensaje D / 00:12:50:000 / load(03) / 00:06:00:000 para top(01)
Mensaje D / 00:12:50:000 / top(01) / 00:04:20:000 para Root(00)
Mensaje * / 00:17:10:000 / Root(00) para top(01)
Mensaje * / 00:17:10:000 / top(01) para unload(06)
Mensaje * / 00:17:10:000 / unload(06) para unloadser(08)
Mensaje Y / 00:17:10:000 / unloadser(08) / exitunload /      2.00000 para unload(06)
Mensaje Y / 00:17:10:000 / unloadser(08) / readyreceive /      2.00000 para unload(06)
Mensaje D / 00:17:10:000 / unloadser(08) / ... para unload(06)
Mensaje Y / 00:17:10:000 / unload(06) / exitunload /      2.00000 para top(01)
Mensaje X / 00:17:10:000 / unload(06) / unloaddone /      2.00000 para unloadque(07)
Mensaje Y / 00:17:10:000 / top(01) / exitunload /      2.00000 para Root(00)
Mensaje D / 00:17:10:000 / unloadque(07) / ... para unload(06)
Mensaje D / 00:17:10:000 / unload(06) / ... para top(01)
Mensaje D / 00:17:10:000 / top(01) / 00:01:40:000 para Root(00)
Mensaje * / 00:18:50:000 / Root(00) para top(01)
Mensaje * / 00:18:50:000 / top(01) para load(03)
Mensaje * / 00:18:50:000 / load(03) para loadser(05)
Mensaje Y / 00:18:50:000 / loadser(05) / exitload /      3.00000 para load(03)
Mensaje Y / 00:18:50:000 / loadser(05) / readyaccept /      3.00000 para load(03)
Mensaje D / 00:18:50:000 / loadser(05) / ... para load(03)
Mensaje Y / 00:18:50:000 / load(03) / exitload /      3.00000 para top(01)
Mensaje X / 00:18:50:000 / load(03) / loaddone /      3.00000 para loadque(04)
Mensaje X / 00:18:50:000 / top(01) / arriveunload /      3.00000 para unload(06)
Mensaje D / 00:18:50:000 / loadque(04) / ... para load(03)
Mensaje X / 00:18:50:000 / unload(06) / arriveunload /      3.00000 para unloadque(07)
Mensaje D / 00:18:50:000 / load(03) / ... para top(01)
Mensaje D / 00:18:50:000 / unloadque(07) / 00:00:10:000 para unload(06)
Mensaje D / 00:18:50:000 / unload(06) / 00:00:10:000 para top(01)
Mensaje D / 00:18:50:000 / top(01) / 00:00:10:000 para Root(00)
Mensaje * / 00:19:00:000 / Root(00) para top(01)
Mensaje * / 00:19:00:000 / top(01) para gen(02)
Mensaje Y / 00:19:00:000 / gen(02) / go /      4.00000 para top(01)
Mensaje D / 00:19:00:000 / gen(02) / 00:06:20:000 para top(01)
Mensaje X / 00:19:00:000 / top(01) / arriveload /      4.00000 para load(03)
Mensaje X / 00:19:00:000 / load(03) / arriveload /      4.00000 para loadque(04)
Mensaje D / 00:19:00:000 / loadque(04) / 00:00:10:000 para load(03)
Mensaje D / 00:19:00:000 / load(03) / 00:00:10:000 para top(01)
Mensaje D / 00:19:00:000 / top(01) / 00:00:00:000 para Root(00)
Mensaje * / 00:19:00:000 / Root(00) para top(01)
Mensaje * / 00:19:00:000 / top(01) para unload(06)
Mensaje * / 00:19:00:000 / unload(06) para unloadque(07)
Mensaje Y / 00:19:00:000 / unloadque(07) / readygounload /      3.00000 para unload(06)
Mensaje D / 00:19:00:000 / unloadque(07) / ... para unload(06)
Mensaje X / 00:19:00:000 / unload(06) / enterunload /      3.00000 para unloadser(08)
Mensaje D / 00:19:00:000 / unloadser(08) / 00:04:30:000 para unload(06)
Mensaje D / 00:19:00:000 / unload(06) / 00:04:30:000 para top(01)
Mensaje D / 00:19:00:000 / top(01) / 00:00:10:000 para Root(00)
Mensaje * / 00:19:10:000 / Root(00) para top(01)
Mensaje * / 00:19:10:000 / top(01) para load(03)
Mensaje * / 00:19:10:000 / load(03) para loadque(04)
Mensaje Y / 00:19:10:000 / loadque(04) / readygoload /      4.00000 para load(03)
Mensaje D / 00:19:10:000 / loadque(04) / ... para load(03)
Mensaje X / 00:19:10:000 / load(03) / enterload /      4.00000 para loadser(05)
Mensaje D / 00:19:10:000 / loadser(05) / 00:06:00:000 para load(03)
Mensaje D / 00:19:10:000 / load(03) / 00:06:00:000 para top(01)
Mensaje D / 00:19:10:000 / top(01) / 00:04:20:000 para Root(00)
Mensaje * / 00:23:30:000 / Root(00) para top(01)
Mensaje * / 00:23:30:000 / top(01) para unload(06)
Mensaje * / 00:23:30:000 / unload(06) para unloadser(08)
Mensaje Y / 00:23:30:000 / unloadser(08) / exitunload /      3.00000 para unload(06)
Mensaje Y / 00:23:30:000 / unloadser(08) / readyreceive /      3.00000 para unload(06)
Mensaje D / 00:23:30:000 / unloadser(08) / ... para unload(06)
Mensaje Y / 00:23:30:000 / unload(06) / exitunload /      3.00000 para top(01)
Mensaje X / 00:23:30:000 / unload(06) / unloaddone /      3.00000 para unloadque(07)
Mensaje Y / 00:23:30:000 / top(01) / exitunload /      3.00000 para Root(00)
Mensaje D / 00:23:30:000 / unloadque(07) / ... para unload(06)
Mensaje D / 00:23:30:000 / unload(06) / ... para top(01)
Mensaje D / 00:23:30:000 / top(01) / 00:01:40:000 para Root(00)
Mensaje * / 00:25:10:000 / Root(00) para top(01)
Mensaje * / 00:25:10:000 / top(01) para load(03)
Mensaje * / 00:25:10:000 / load(03) para loadser(05)
Mensaje Y / 00:25:10:000 / loadser(05) / exitload /      4.00000 para load(03)
Mensaje Y / 00:25:10:000 / loadser(05) / readyaccept /      4.00000 para load(03)
Mensaje D / 00:25:10:000 / loadser(05) / ... para load(03)
Mensaje Y / 00:25:10:000 / load(03) / exitload /      4.00000 para top(01)
Mensaje X / 00:25:10:000 / load(03) / loaddone /      4.00000 para loadque(04)
Mensaje X / 00:25:10:000 / top(01) / arriveunload /      4.00000 para unload(06)
Mensaje D / 00:25:10:000 / loadque(04) / ... para load(03)
Mensaje X / 00:25:10:000 / unload(06) / arriveunload /      4.00000 para unloadque(07)
Mensaje D / 00:25:10:000 / load(03) / ... para top(01)
Mensaje D / 00:25:10:000 / unloadque(07) / 00:00:10:000 para unload(06)
Mensaje D / 00:25:10:000 / unload(06) / 00:00:10:000 para top(01)
Mensaje D / 00:25:10:000 / top(01) / 00:00:10:000 para Root(00)
Mensaje * / 00:25:20:000 / Root(00) para top(01)
Mensaje * / 00:25:20:000 / top(01) para gen(02)
Mensaje Y / 00:25:20:000 / gen(02) / go /      5.00000 para top(01)
Mensaje D / 00:25:20:000 / gen(02) / 00:06:20:000 para top(01)
Mensaje X / 00:25:20:000 / top(01) / arriveload /      5.00000 para load(03)
Mensaje X / 00:25:20:000 / load(03) / arriveload /      5.00000 para loadque(04)
Mensaje D / 00:25:20:000 / loadque(04) / 00:00:10:000 para load(03)
Mensaje D / 00:25:20:000 / load(03) / 00:00:10:000 para top(01)
Mensaje D / 00:25:20:000 / top(01) / 00:00:00:000 para Root(00)
Mensaje * / 00:25:20:000 / Root(00) para top(01)
Mensaje * / 00:25:20:000 / top(01) para unload(06)
Mensaje * / 00:25:20:000 / unload(06) para unloadque(07)
Mensaje Y / 00:25:20:000 / unloadque(07) / readygounload /      4.00000 para unload(06)
Mensaje D / 00:25:20:000 / unloadque(07) / ... para unload(06)
Mensaje X / 00:25:20:000 / unload(06) / enterunload /      4.00000 para unloadser(08)
Mensaje D / 00:25:20:000 / unloadser(08) / 00:04:30:000 para unload(06)
Mensaje D / 00:25:20:000 / unload(06) / 00:04:30:000 para top(01)
Mensaje D / 00:25:20:000 / top(01) / 00:00:10:000 para Root(00)
Mensaje * / 00:25:30:000 / Root(00) para top(01)
Mensaje * / 00:25:30:000 / top(01) para load(03)
Mensaje * / 00:25:30:000 / load(03) para loadque(04)
Mensaje Y / 00:25:30:000 / loadque(04) / readygoload /      5.00000 para load(03)
Mensaje D / 00:25:30:000 / loadque(04) / ... para load(03)
Mensaje X / 00:25:30:000 / load(03) / enterload /      5.00000 para loadser(05)
Mensaje D / 00:25:30:000 / loadser(05) / 00:06:00:000 para load(03)
Mensaje D / 00:25:30:000 / load(03) / 00:06:00:000 para top(01)
Mensaje D / 00:25:30:000 / top(01) / 00:04:20:000 para Root(00)
Mensaje * / 00:29:50:000 / Root(00) para top(01)
Mensaje * / 00:29:50:000 / top(01) para unload(06)
Mensaje * / 00:29:50:000 / unload(06) para unloadser(08)
Mensaje Y / 00:29:50:000 / unloadser(08) / exitunload /      4.00000 para unload(06)
Mensaje Y / 00:29:50:000 / unloadser(08) / readyreceive /      4.00000 para unload(06)
Mensaje D / 00:29:50:000 / unloadser(08) / ... para unload(06)
Mensaje Y / 00:29:50:000 / unload(06) / exitunload /      4.00000 para top(01)
Mensaje X / 00:29:50:000 / unload(06) / unloaddone /      4.00000 para unloadque(07)
Mensaje Y / 00:29:50:000 / top(01) / exitunload /      4.00000 para Root(00)
Mensaje D / 00:29:50:000 / unloadque(07) / ... para unload(06)
Mensaje D / 00:29:50:000 / unload(06) / ... para top(01)
Mensaje D / 00:29:50:000 / top(01) / 00:01:40:000 para Root(00)
Mensaje * / 00:31:30:000 / Root(00) para top(01)
Mensaje * / 00:31:30:000 / top(01) para load(03)
Mensaje * / 00:31:30:000 / load(03) para loadser(05)
Mensaje Y / 00:31:30:000 / loadser(05) / exitload /      5.00000 para load(03)
Mensaje Y / 00:31:30:000 / loadser(05) / readyaccept /      5.00000 para load(03)
Mensaje D / 00:31:30:000 / loadser(05) / ... para load(03)
Mensaje Y / 00:31:30:000 / load(03) / exitload /      5.00000 para top(01)
Mensaje X / 00:31:30:000 / load(03) / loaddone /      5.00000 para loadque(04)
Mensaje X / 00:31:30:000 / top(01) / arriveunload /      5.00000 para unload(06)
Mensaje D / 00:31:30:000 / loadque(04) / ... para load(03)
Mensaje X / 00:31:30:000 / unload(06) / arriveunload /      5.00000 para unloadque(07)
Mensaje D / 00:31:30:000 / load(03) / ... para top(01)
Mensaje D / 00:31:30:000 / unloadque(07) / 00:00:10:000 para unload(06)
Mensaje D / 00:31:30:000 / unload(06) / 00:00:10:000 para top(01)
Mensaje D / 00:31:30:000 / top(01) / 00:00:10:000 para Root(00)
Mensaje * / 00:31:40:000 / Root(00) para top(01)
Mensaje * / 00:31:40:000 / top(01) para gen(02)
Mensaje Y / 00:31:40:000 / gen(02) / go /      6.00000 para top(01)
Mensaje D / 00:31:40:000 / gen(02) / 00:06:20:000 para top(01)
Mensaje X / 00:31:40:000 / top(01) / arriveload /      6.00000 para load(03)
Mensaje X / 00:31:40:000 / load(03) / arriveload /      6.00000 para loadque(04)
Mensaje D / 00:31:40:000 / loadque(04) / 00:00:10:000 para load(03)
Mensaje D / 00:31:40:000 / load(03) / 00:00:10:000 para top(01)
Mensaje D / 00:31:40:000 / top(01) / 00:00:00:000 para Root(00)
Mensaje * / 00:31:40:000 / Root(00) para top(01)
Mensaje * / 00:31:40:000 / top(01) para unload(06)
Mensaje * / 00:31:40:000 / unload(06) para unloadque(07)
Mensaje Y / 00:31:40:000 / unloadque(07) / readygounload /      5.00000 para unload(06)
Mensaje D / 00:31:40:000 / unloadque(07) / ... para unload(06)
Mensaje X / 00:31:40:000 / unload(06) / enterunload /      5.00000 para unloadser(08)
Mensaje D / 00:31:40:000 / unloadser(08) / 00:04:30:000 para unload(06)
Mensaje D / 00:31:40:000 / unload(06) / 00:04:30:000 para top(01)
Mensaje D / 00:31:40:000 / top(01) / 00:00:10:000 para Root(00)
Mensaje * / 00:31:50:000 / Root(00) para top(01)
Mensaje * / 00:31:50:000 / top(01) para load(03)
Mensaje * / 00:31:50:000 / load(03) para loadque(04)
Mensaje Y / 00:31:50:000 / loadque(04) / readygoload /      6.00000 para load(03)
Mensaje D / 00:31:50:000 / loadque(04) / ... para load(03)
Mensaje X / 00:31:50:000 / load(03) / enterload /      6.00000 para loadser(05)
Mensaje D / 00:31:50:000 / loadser(05) / 00:06:00:000 para load(03)
Mensaje D / 00:31:50:000 / load(03) / 00:06:00:000 para top(01)
Mensaje D / 00:31:50:000 / top(01) / 00:04:20:000 para Root(00)
Mensaje * / 00:36:10:000 / Root(00) para top(01)
Mensaje * / 00:36:10:000 / top(01) para unload(06)
Mensaje * / 00:36:10:000 / unload(06) para unloadser(08)
Mensaje Y / 00:36:10:000 / unloadser(08) / exitunload /      5.00000 para unload(06)
Mensaje Y / 00:36:10:000 / unloadser(08) / readyreceive /      5.00000 para unload(06)
Mensaje D / 00:36:10:000 / unloadser(08) / ... para unload(06)
Mensaje Y / 00:36:10:000 / unload(06) / exitunload /      5.00000 para top(01)
Mensaje X / 00:36:10:000 / unload(06) / unloaddone /      5.00000 para unloadque(07)
Mensaje Y / 00:36:10:000 / top(01) / exitunload /      5.00000 para Root(00)
Mensaje D / 00:36:10:000 / unloadque(07) / ... para unload(06)
Mensaje D / 00:36:10:000 / unload(06) / ... para top(01)
Mensaje D / 00:36:10:000 / top(01) / 00:01:40:000 para Root(00)
Mensaje * / 00:37:50:000 / Root(00) para top(01)
Mensaje * / 00:37:50:000 / top(01) para load(03)
Mensaje * / 00:37:50:000 / load(03) para loadser(05)
Mensaje Y / 00:37:50:000 / loadser(05) / exitload /      6.00000 para load(03)
Mensaje Y / 00:37:50:000 / loadser(05) / readyaccept /      6.00000 para load(03)
Mensaje D / 00:37:50:000 / loadser(05) / ... para load(03)
Mensaje Y / 00:37:50:000 / load(03) / exitload /      6.00000 para top(01)
Mensaje X / 00:37:50:000 / load(03) / loaddone /      6.00000 para loadque(04)
Mensaje X / 00:37:50:000 / top(01) / arriveunload /      6.00000 para unload(06)
Mensaje D / 00:37:50:000 / loadque(04) / ... para load(03)
Mensaje X / 00:37:50:000 / unload(06) / arriveunload /      6.00000 para unloadque(07)
Mensaje D / 00:37:50:000 / load(03) / ... para top(01)
Mensaje D / 00:37:50:000 / unloadque(07) / 00:00:10:000 para unload(06)
Mensaje D / 00:37:50:000 / unload(06) / 00:00:10:000 para top(01)
Mensaje D / 00:37:50:000 / top(01) / 00:00:10:000 para Root(00)
Mensaje * / 00:38:00:000 / Root(00) para top(01)
Mensaje * / 00:38:00:000 / top(01) para gen(02)
Mensaje Y / 00:38:00:000 / gen(02) / go /      7.00000 para top(01)
Mensaje D / 00:38:00:000 / gen(02) / 00:06:20:000 para top(01)
Mensaje X / 00:38:00:000 / top(01) / arriveload /      7.00000 para load(03)
Mensaje X / 00:38:00:000 / load(03) / arriveload /      7.00000 para loadque(04)
Mensaje D / 00:38:00:000 / loadque(04) / 00:00:10:000 para load(03)
Mensaje D / 00:38:00:000 / load(03) / 00:00:10:000 para top(01)
Mensaje D / 00:38:00:000 / top(01) / 00:00:00:000 para Root(00)
Mensaje * / 00:38:00:000 / Root(00) para top(01)
Mensaje * / 00:38:00:000 / top(01) para unload(06)
Mensaje * / 00:38:00:000 / unload(06) para unloadque(07)
Mensaje Y / 00:38:00:000 / unloadque(07) / readygounload /      6.00000 para unload(06)
Mensaje D / 00:38:00:000 / unloadque(07) / ... para unload(06)
Mensaje X / 00:38:00:000 / unload(06) / enterunload /      6.00000 para unloadser(08)
Mensaje D / 00:38:00:000 / unloadser(08) / 00:04:30:000 para unload(06)
Mensaje D / 00:38:00:000 / unload(06) / 00:04:30:000 para top(01)
Mensaje D / 00:38:00:000 / top(01) / 00:00:10:000 para Root(00)
Mensaje * / 00:38:10:000 / Root(00) para top(01)
Mensaje * / 00:38:10:000 / top(01) para load(03)
Mensaje * / 00:38:10:000 / load(03) para loadque(04)
Mensaje Y / 00:38:10:000 / loadque(04) / readygoload /      7.00000 para load(03)
Mensaje D / 00:38:10:000 / loadque(04) / ... para load(03)
Mensaje X / 00:38:10:000 / load(03) / enterload /      7.00000 para loadser(05)
Mensaje D / 00:38:10:000 / loadser(05) / 00:06:00:000 para load(03)
Mensaje D / 00:38:10:000 / load(03) / 00:06:00:000 para top(01)
Mensaje D / 00:38:10:000 / top(01) / 00:04:20:000 para Root(00)
