Mensaje I / 00:00:00:000 / Root(00) para top(01)
Mensaje I / 00:00:00:000 / top(01) para unloadser(02)
Mensaje D / 00:00:00:000 / unloadser(02) / ... para top(01)
Mensaje D / 00:00:00:000 / top(01) / ... para Root(00)
Mensaje X / 00:00:10:000 / Root(00) / enterunload /      1.00000 para top(01)
Mensaje X / 00:00:10:000 / top(01) / enterunload /      1.00000 para unloadser(02)
Mensaje D / 00:00:10:000 / unloadser(02) / 00:02:59:877 para top(01)
Mensaje D / 00:00:10:000 / top(01) / 00:02:59:877 para Root(00)
Mensaje * / 00:03:09:877 / Root(00) para top(01)
Mensaje * / 00:03:09:877 / top(01) para unloadser(02)
Mensaje Y / 00:03:09:877 / unloadser(02) / exitunload /      1.00000 para top(01)
Mensaje Y / 00:03:09:877 / unloadser(02) / readyreceive /      1.00000 para top(01)
Mensaje D / 00:03:09:877 / unloadser(02) / ... para top(01)
Mensaje Y / 00:03:09:877 / top(01) / exitunload /      1.00000 para Root(00)
Mensaje Y / 00:03:09:877 / top(01) / readyreceive /      1.00000 para Root(00)
Mensaje D / 00:03:09:877 / top(01) / ... para Root(00)
Mensaje X / 00:06:04:000 / Root(00) / enterunload /      2.00000 para top(01)
Mensaje X / 00:06:04:000 / top(01) / enterunload /      2.00000 para unloadser(02)
Mensaje D / 00:06:04:000 / unloadser(02) / 00:02:47:960 para top(01)
Mensaje D / 00:06:04:000 / top(01) / 00:02:47:960 para Root(00)
Mensaje * / 00:08:51:960 / Root(00) para top(01)
Mensaje * / 00:08:51:960 / top(01) para unloadser(02)
Mensaje Y / 00:08:51:960 / unloadser(02) / exitunload /      2.00000 para top(01)
Mensaje Y / 00:08:51:960 / unloadser(02) / readyreceive /      2.00000 para top(01)
Mensaje D / 00:08:51:960 / unloadser(02) / ... para top(01)
Mensaje Y / 00:08:51:960 / top(01) / exitunload /      2.00000 para Root(00)
Mensaje Y / 00:08:51:960 / top(01) / readyreceive /      2.00000 para Root(00)
Mensaje D / 00:08:51:960 / top(01) / ... para Root(00)
Mensaje X / 00:15:07:000 / Root(00) / enterunload /      3.00000 para top(01)
Mensaje X / 00:15:07:000 / top(01) / enterunload /      3.00000 para unloadser(02)
Mensaje D / 00:15:07:000 / unloadser(02) / 00:02:49:578 para top(01)
Mensaje D / 00:15:07:000 / top(01) / 00:02:49:578 para Root(00)
Mensaje * / 00:17:56:578 / Root(00) para top(01)
Mensaje * / 00:17:56:578 / top(01) para unloadser(02)
Mensaje Y / 00:17:56:578 / unloadser(02) / exitunload /      3.00000 para top(01)
Mensaje Y / 00:17:56:578 / unloadser(02) / readyreceive /      3.00000 para top(01)
Mensaje D / 00:17:56:578 / unloadser(02) / ... para top(01)
Mensaje Y / 00:17:56:578 / top(01) / exitunload /      3.00000 para Root(00)
Mensaje Y / 00:17:56:578 / top(01) / readyreceive /      3.00000 para Root(00)
Mensaje D / 00:17:56:578 / top(01) / ... para Root(00)
Mensaje X / 00:22:10:000 / Root(00) / enterunload /      4.00000 para top(01)
Mensaje X / 00:22:10:000 / top(01) / enterunload /      4.00000 para unloadser(02)
Mensaje D / 00:22:10:000 / unloadser(02) / 00:04:00:354 para top(01)
Mensaje D / 00:22:10:000 / top(01) / 00:04:00:354 para Root(00)
Mensaje * / 00:26:10:354 / Root(00) para top(01)
Mensaje * / 00:26:10:354 / top(01) para unloadser(02)
Mensaje Y / 00:26:10:354 / unloadser(02) / exitunload /      4.00000 para top(01)
Mensaje Y / 00:26:10:354 / unloadser(02) / readyreceive /      4.00000 para top(01)
Mensaje D / 00:26:10:354 / unloadser(02) / ... para top(01)
Mensaje Y / 00:26:10:354 / top(01) / exitunload /      4.00000 para Root(00)
Mensaje Y / 00:26:10:354 / top(01) / readyreceive /      4.00000 para Root(00)
Mensaje D / 00:26:10:354 / top(01) / ... para Root(00)
