Mensaje I / 00:00:00:000 / Root(00) para top(01)
Mensaje I / 00:00:00:000 / top(01) para unloadque(02)
Mensaje I / 00:00:00:000 / top(01) para unloadser(03)
Mensaje D / 00:00:00:000 / unloadque(02) / ... para top(01)
Mensaje D / 00:00:00:000 / unloadser(03) / ... para top(01)
Mensaje D / 00:00:00:000 / top(01) / ... para Root(00)
Mensaje X / 00:00:09:000 / Root(00) / arriveunload /      1.00000 para top(01)
Mensaje X / 00:00:09:000 / top(01) / arriveunload /      1.00000 para unloadque(02)
Mensaje D / 00:00:09:000 / unloadque(02) / 00:00:10:000 para top(01)
Mensaje D / 00:00:09:000 / top(01) / 00:00:10:000 para Root(00)
Mensaje * / 00:00:19:000 / Root(00) para top(01)
Mensaje * / 00:00:19:000 / top(01) para unloadque(02)
Mensaje Y / 00:00:19:000 / unloadque(02) / readygounload /      1.00000 para top(01)
Mensaje D / 00:00:19:000 / unloadque(02) / ... para top(01)
Mensaje X / 00:00:19:000 / top(01) / enterunload /      1.00000 para unloadser(03)
Mensaje D / 00:00:19:000 / unloadser(03) / 00:06:00:000 para top(01)
Mensaje D / 00:00:19:000 / top(01) / 00:06:00:000 para Root(00)
Mensaje X / 00:00:20:000 / Root(00) / arriveunload /      2.00000 para top(01)
Mensaje X / 00:00:20:000 / top(01) / arriveunload /      2.00000 para unloadque(02)
Mensaje D / 00:00:20:000 / unloadque(02) / ... para top(01)
Mensaje D / 00:00:20:000 / top(01) / 00:05:59:000 para Root(00)
Mensaje X / 00:00:40:000 / Root(00) / arriveunload /      3.00000 para top(01)
Mensaje X / 00:00:40:000 / top(01) / arriveunload /      3.00000 para unloadque(02)
Mensaje D / 00:00:40:000 / unloadque(02) / ... para top(01)
Mensaje D / 00:00:40:000 / top(01) / 00:05:39:000 para Root(00)
Mensaje X / 00:01:00:000 / Root(00) / arriveunload /      4.00000 para top(01)
Mensaje X / 00:01:00:000 / top(01) / arriveunload /      4.00000 para unloadque(02)
Mensaje D / 00:01:00:000 / unloadque(02) / ... para top(01)
Mensaje D / 00:01:00:000 / top(01) / 00:05:19:000 para Root(00)
Mensaje X / 00:01:25:000 / Root(00) / arriveunload /      5.00000 para top(01)
Mensaje X / 00:01:25:000 / top(01) / arriveunload /      5.00000 para unloadque(02)
Mensaje D / 00:01:25:000 / unloadque(02) / ... para top(01)
Mensaje D / 00:01:25:000 / top(01) / 00:04:54:000 para Root(00)
Mensaje * / 00:06:19:000 / Root(00) para top(01)
Mensaje * / 00:06:19:000 / top(01) para unloadser(03)
Mensaje Y / 00:06:19:000 / unloadser(03) / exitunload /      1.00000 para top(01)
Mensaje Y / 00:06:19:000 / unloadser(03) / readyreceive /      1.00000 para top(01)
Mensaje D / 00:06:19:000 / unloadser(03) / ... para top(01)
Mensaje Y / 00:06:19:000 / top(01) / exitunload /      1.00000 para Root(00)
Mensaje X / 00:06:19:000 / top(01) / unloaddone /      1.00000 para unloadque(02)
Mensaje D / 00:06:19:000 / unloadque(02) / 00:00:10:000 para top(01)
Mensaje D / 00:06:19:000 / top(01) / 00:00:10:000 para Root(00)
Mensaje * / 00:06:29:000 / Root(00) para top(01)
Mensaje * / 00:06:29:000 / top(01) para unloadque(02)
Mensaje Y / 00:06:29:000 / unloadque(02) / readygounload /      2.00000 para top(01)
Mensaje D / 00:06:29:000 / unloadque(02) / ... para top(01)
Mensaje X / 00:06:29:000 / top(01) / enterunload /      2.00000 para unloadser(03)
Mensaje D / 00:06:29:000 / unloadser(03) / 00:06:00:000 para top(01)
Mensaje D / 00:06:29:000 / top(01) / 00:06:00:000 para Root(00)
Mensaje * / 00:12:29:000 / Root(00) para top(01)
Mensaje * / 00:12:29:000 / top(01) para unloadser(03)
Mensaje Y / 00:12:29:000 / unloadser(03) / exitunload /      2.00000 para top(01)
Mensaje Y / 00:12:29:000 / unloadser(03) / readyreceive /      2.00000 para top(01)
Mensaje D / 00:12:29:000 / unloadser(03) / ... para top(01)
Mensaje Y / 00:12:29:000 / top(01) / exitunload /      2.00000 para Root(00)
Mensaje X / 00:12:29:000 / top(01) / unloaddone /      2.00000 para unloadque(02)
Mensaje D / 00:12:29:000 / unloadque(02) / 00:00:10:000 para top(01)
Mensaje D / 00:12:29:000 / top(01) / 00:00:10:000 para Root(00)
Mensaje * / 00:12:39:000 / Root(00) para top(01)
Mensaje * / 00:12:39:000 / top(01) para unloadque(02)
Mensaje Y / 00:12:39:000 / unloadque(02) / readygounload /      3.00000 para top(01)
Mensaje D / 00:12:39:000 / unloadque(02) / ... para top(01)
Mensaje X / 00:12:39:000 / top(01) / enterunload /      3.00000 para unloadser(03)
Mensaje D / 00:12:39:000 / unloadser(03) / 00:06:00:000 para top(01)
Mensaje D / 00:12:39:000 / top(01) / 00:06:00:000 para Root(00)
Mensaje * / 00:18:39:000 / Root(00) para top(01)
Mensaje * / 00:18:39:000 / top(01) para unloadser(03)
Mensaje Y / 00:18:39:000 / unloadser(03) / exitunload /      3.00000 para top(01)
Mensaje Y / 00:18:39:000 / unloadser(03) / readyreceive /      3.00000 para top(01)
Mensaje D / 00:18:39:000 / unloadser(03) / ... para top(01)
Mensaje Y / 00:18:39:000 / top(01) / exitunload /      3.00000 para Root(00)
Mensaje X / 00:18:39:000 / top(01) / unloaddone /      3.00000 para unloadque(02)
Mensaje D / 00:18:39:000 / unloadque(02) / 00:00:10:000 para top(01)
Mensaje D / 00:18:39:000 / top(01) / 00:00:10:000 para Root(00)
Mensaje * / 00:18:49:000 / Root(00) para top(01)
Mensaje * / 00:18:49:000 / top(01) para unloadque(02)
Mensaje Y / 00:18:49:000 / unloadque(02) / readygounload /      4.00000 para top(01)
Mensaje D / 00:18:49:000 / unloadque(02) / ... para top(01)
Mensaje X / 00:18:49:000 / top(01) / enterunload /      4.00000 para unloadser(03)
Mensaje D / 00:18:49:000 / unloadser(03) / 00:06:00:000 para top(01)
Mensaje D / 00:18:49:000 / top(01) / 00:06:00:000 para Root(00)
Mensaje * / 00:24:49:000 / Root(00) para top(01)
Mensaje * / 00:24:49:000 / top(01) para unloadser(03)
Mensaje Y / 00:24:49:000 / unloadser(03) / exitunload /      4.00000 para top(01)
Mensaje Y / 00:24:49:000 / unloadser(03) / readyreceive /      4.00000 para top(01)
Mensaje D / 00:24:49:000 / unloadser(03) / ... para top(01)
Mensaje Y / 00:24:49:000 / top(01) / exitunload /      4.00000 para Root(00)
Mensaje X / 00:24:49:000 / top(01) / unloaddone /      4.00000 para unloadque(02)
Mensaje D / 00:24:49:000 / unloadque(02) / 00:00:10:000 para top(01)
Mensaje D / 00:24:49:000 / top(01) / 00:00:10:000 para Root(00)
Mensaje * / 00:24:59:000 / Root(00) para top(01)
Mensaje * / 00:24:59:000 / top(01) para unloadque(02)
Mensaje Y / 00:24:59:000 / unloadque(02) / readygounload /      5.00000 para top(01)
Mensaje D / 00:24:59:000 / unloadque(02) / ... para top(01)
Mensaje X / 00:24:59:000 / top(01) / enterunload /      5.00000 para unloadser(03)
Mensaje D / 00:24:59:000 / unloadser(03) / 00:06:00:000 para top(01)
Mensaje D / 00:24:59:000 / top(01) / 00:06:00:000 para Root(00)
Mensaje * / 00:30:59:000 / Root(00) para top(01)
Mensaje * / 00:30:59:000 / top(01) para unloadser(03)
Mensaje Y / 00:30:59:000 / unloadser(03) / exitunload /      5.00000 para top(01)
Mensaje Y / 00:30:59:000 / unloadser(03) / readyreceive /      5.00000 para top(01)
Mensaje D / 00:30:59:000 / unloadser(03) / ... para top(01)
Mensaje Y / 00:30:59:000 / top(01) / exitunload /      5.00000 para Root(00)
Mensaje X / 00:30:59:000 / top(01) / unloaddone /      5.00000 para unloadque(02)
Mensaje D / 00:30:59:000 / unloadque(02) / ... para top(01)
Mensaje D / 00:30:59:000 / top(01) / ... para Root(00)
