Mensaje I / 00:00:00:000 / Root(00) para top(01)
Mensaje I / 00:00:00:000 / top(01) para unloadque(02)
Mensaje D / 00:00:00:000 / unloadque(02) / ... para top(01)
Mensaje D / 00:00:00:000 / top(01) / ... para Root(00)
Mensaje X / 00:00:05:000 / Root(00) / arriveunload /      1.00000 para top(01)
Mensaje X / 00:00:05:000 / top(01) / arriveunload /      1.00000 para unloadque(02)
Mensaje D / 00:00:05:000 / unloadque(02) / 00:00:10:000 para top(01)
Mensaje D / 00:00:05:000 / top(01) / 00:00:10:000 para Root(00)
Mensaje * / 00:00:15:000 / Root(00) para top(01)
Mensaje * / 00:00:15:000 / top(01) para unloadque(02)
Mensaje Y / 00:00:15:000 / unloadque(02) / readygounload /      1.00000 para top(01)
Mensaje D / 00:00:15:000 / unloadque(02) / ... para top(01)
Mensaje Y / 00:00:15:000 / top(01) / readygounload /      1.00000 para Root(00)
Mensaje D / 00:00:15:000 / top(01) / ... para Root(00)
Mensaje X / 00:01:13:000 / Root(00) / unloaddone /      1.00000 para top(01)
Mensaje X / 00:01:13:000 / top(01) / unloaddone /      1.00000 para unloadque(02)
Mensaje D / 00:01:13:000 / unloadque(02) / ... para top(01)
Mensaje D / 00:01:13:000 / top(01) / ... para Root(00)
Mensaje X / 00:02:10:000 / Root(00) / arriveunload /      2.00000 para top(01)
Mensaje X / 00:02:10:000 / top(01) / arriveunload /      2.00000 para unloadque(02)
Mensaje D / 00:02:10:000 / unloadque(02) / 00:00:10:000 para top(01)
Mensaje D / 00:02:10:000 / top(01) / 00:00:10:000 para Root(00)
Mensaje * / 00:02:20:000 / Root(00) para top(01)
Mensaje * / 00:02:20:000 / top(01) para unloadque(02)
Mensaje Y / 00:02:20:000 / unloadque(02) / readygounload /      2.00000 para top(01)
Mensaje D / 00:02:20:000 / unloadque(02) / ... para top(01)
Mensaje Y / 00:02:20:000 / top(01) / readygounload /      2.00000 para Root(00)
Mensaje D / 00:02:20:000 / top(01) / ... para Root(00)
Mensaje X / 00:03:15:000 / Root(00) / arriveunload /      3.00000 para top(01)
Mensaje X / 00:03:15:000 / top(01) / arriveunload /      3.00000 para unloadque(02)
Mensaje D / 00:03:15:000 / unloadque(02) / ... para top(01)
Mensaje D / 00:03:15:000 / top(01) / ... para Root(00)
Mensaje X / 00:04:21:000 / Root(00) / arriveunload /      4.00000 para top(01)
Mensaje X / 00:04:21:000 / top(01) / arriveunload /      4.00000 para unloadque(02)
Mensaje D / 00:04:21:000 / unloadque(02) / ... para top(01)
Mensaje D / 00:04:21:000 / top(01) / ... para Root(00)
Mensaje X / 00:05:22:000 / Root(00) / unloaddone /      2.00000 para top(01)
Mensaje X / 00:05:22:000 / top(01) / unloaddone /      2.00000 para unloadque(02)
Mensaje D / 00:05:22:000 / unloadque(02) / 00:00:10:000 para top(01)
Mensaje D / 00:05:22:000 / top(01) / 00:00:10:000 para Root(00)
Mensaje * / 00:05:32:000 / Root(00) para top(01)
Mensaje * / 00:05:32:000 / top(01) para unloadque(02)
Mensaje Y / 00:05:32:000 / unloadque(02) / readygounload /      3.00000 para top(01)
Mensaje D / 00:05:32:000 / unloadque(02) / ... para top(01)
Mensaje Y / 00:05:32:000 / top(01) / readygounload /      3.00000 para Root(00)
Mensaje D / 00:05:32:000 / top(01) / ... para Root(00)
Mensaje X / 00:06:25:000 / Root(00) / unloaddone /      3.00000 para top(01)
Mensaje X / 00:06:25:000 / top(01) / unloaddone /      3.00000 para unloadque(02)
Mensaje D / 00:06:25:000 / unloadque(02) / 00:00:10:000 para top(01)
Mensaje D / 00:06:25:000 / top(01) / 00:00:10:000 para Root(00)
Mensaje * / 00:06:35:000 / Root(00) para top(01)
Mensaje * / 00:06:35:000 / top(01) para unloadque(02)
Mensaje Y / 00:06:35:000 / unloadque(02) / readygounload /      4.00000 para top(01)
Mensaje D / 00:06:35:000 / unloadque(02) / ... para top(01)
Mensaje Y / 00:06:35:000 / top(01) / readygounload /      4.00000 para Root(00)
Mensaje D / 00:06:35:000 / top(01) / ... para Root(00)
Mensaje X / 00:07:40:000 / Root(00) / unloaddone /      4.00000 para top(01)
Mensaje X / 00:07:40:000 / top(01) / unloaddone /      4.00000 para unloadque(02)
Mensaje D / 00:07:40:000 / unloadque(02) / ... para top(01)
Mensaje D / 00:07:40:000 / top(01) / ... para Root(00)
